[2024-11-10 08:11:53] local.ERROR: No application encryption key has been specified. {"exception":"[object] (Illuminate\\Encryption\\MissingAppKeyException(code: 0): No application encryption key has been specified. at C:\\Users\\Артём Пазин\\Documents\\GitHub\\Kucher_site\\vendor\\laravel\\framework\\src\\Illuminate\\Encryption\\EncryptionServiceProvider.php:79)
[stacktrace]
#0 C:\\Users\\Артём Пазин\\Documents\\GitHub\\Kucher_site\\vendor\\laravel\\framework\\src\\Illuminate\\Support\\helpers.php(306): Illuminate\\Encryption\\EncryptionServiceProvider->Illuminate\\Encryption\\{closure}()
#1 C:\\Users\\Артём Пазин\\Documents\\GitHub\\Kucher_site\\vendor\\laravel\\framework\\src\\Illuminate\\Encryption\\EncryptionServiceProvider.php(77): tap()
#2 C:\\Users\\Артём Пазин\\Documents\\GitHub\\Kucher_site\\vendor\\laravel\\framework\\src\\Illuminate\\Encryption\\EncryptionServiceProvider.php(60): Illuminate\\Encryption\\EncryptionServiceProvider->key()
#3 C:\\Users\\Артём Пазин\\Documents\\GitHub\\Kucher_site\\vendor\\laravel\\framework\\src\\Illuminate\\Encryption\\EncryptionServiceProvider.php(32): Illuminate\\Encryption\\EncryptionServiceProvider->parseKey()
#4 C:\\Users\\Артём Пазин\\Documents\\GitHub\\Kucher_site\\vendor\\laravel\\framework\\src\\Illuminate\\Container\\Container.php(885): Illuminate\\Encryption\\EncryptionServiceProvider->Illuminate\\Encryption\\{closure}()
#5 C:\\Users\\Артём Пазин\\Documents\\GitHub\\Kucher_site\\vendor\\laravel\\framework\\src\\Illuminate\\Container\\Container.php(770): Illuminate\\Container\\Container->build()
#6 C:\\Users\\Артём Пазин\\Documents\\GitHub\\Kucher_site\\vendor\\laravel\\framework\\src\\Illuminate\\Foundation\\Application.php(856): Illuminate\\Container\\Container->resolve()
#7 C:\\Users\\Артём Пазин\\Documents\\GitHub\\Kucher_site\\vendor\\laravel\\framework\\src\\Illuminate\\Container\\Container.php(706): Illuminate\\Foundation\\Application->resolve()
#8 C:\\Users\\Артём Пазин\\Documents\\GitHub\\Kucher_site\\vendor\\laravel\\framework\\src\\Illuminate\\Foundation\\Application.php(841): Illuminate\\Container\\Container->make()
#9 C:\\Users\\Артём Пазин\\Documents\\GitHub\\Kucher_site\\vendor\\laravel\\framework\\src\\Illuminate\\Container\\Container.php(1043): Illuminate\\Foundation\\Application->make()
#10 C:\\Users\\Артём Пазин\\Documents\\GitHub\\Kucher_site\\vendor\\laravel\\framework\\src\\Illuminate\\Container\\Container.php(959): Illuminate\\Container\\Container->resolveClass()
#11 C:\\Users\\Артём Пазин\\Documents\\GitHub\\Kucher_site\\vendor\\laravel\\framework\\src\\Illuminate\\Container\\Container.php(920): Illuminate\\Container\\Container->resolveDependencies()
#12 C:\\Users\\Артём Пазин\\Documents\\GitHub\\Kucher_site\\vendor\\laravel\\framework\\src\\Illuminate\\Container\\Container.php(770): Illuminate\\Container\\Container->build()
#13 C:\\Users\\Артём Пазин\\Documents\\GitHub\\Kucher_site\\vendor\\laravel\\framework\\src\\Illuminate\\Foundation\\Application.php(856): Illuminate\\Container\\Container->resolve()
#14 C:\\Users\\Артём Пазин\\Documents\\GitHub\\Kucher_site\\vendor\\laravel\\framework\\src\\Illuminate\\Container\\Container.php(706): Illuminate\\Foundation\\Application->resolve()
#15 C:\\Users\\Артём Пазин\\Documents\\GitHub\\Kucher_site\\vendor\\laravel\\framework\\src\\Illuminate\\Foundation\\Application.php(841): Illuminate\\Container\\Container->make()
#16 C:\\Users\\Артём Пазин\\Documents\\GitHub\\Kucher_site\\vendor\\laravel\\framework\\src\\Illuminate\\Pipeline\\Pipeline.php(169): Illuminate\\Foundation\\Application->make()
#17 C:\\Users\\Артём Пазин\\Documents\\GitHub\\Kucher_site\\vendor\\laravel\\framework\\src\\Illuminate\\Pipeline\\Pipeline.php(116): Illuminate\\Pipeline\\Pipeline->Illuminate\\Pipeline\\{closure}()
#18 C:\\Users\\Артём Пазин\\Documents\\GitHub\\Kucher_site\\vendor\\laravel\\framework\\src\\Illuminate\\Routing\\Router.php(797): Illuminate\\Pipeline\\Pipeline->then()
#19 C:\\Users\\Артём Пазин\\Documents\\GitHub\\Kucher_site\\vendor\\laravel\\framework\\src\\Illuminate\\Routing\\Router.php(776): Illuminate\\Routing\\Router->runRouteWithinStack()
#20 C:\\Users\\Артём Пазин\\Documents\\GitHub\\Kucher_site\\vendor\\laravel\\framework\\src\\Illuminate\\Routing\\Router.php(740): Illuminate\\Routing\\Router->runRoute()
#21 C:\\Users\\Артём Пазин\\Documents\\GitHub\\Kucher_site\\vendor\\laravel\\framework\\src\\Illuminate\\Routing\\Router.php(729): Illuminate\\Routing\\Router->dispatchToRoute()
#22 C:\\Users\\Артём Пазин\\Documents\\GitHub\\Kucher_site\\vendor\\laravel\\framework\\src\\Illuminate\\Foundation\\Http\\Kernel.php(190): Illuminate\\Routing\\Router->dispatch()
#23 C:\\Users\\Артём Пазин\\Documents\\GitHub\\Kucher_site\\vendor\\laravel\\framework\\src\\Illuminate\\Pipeline\\Pipeline.php(141): Illuminate\\Foundation\\Http\\Kernel->Illuminate\\Foundation\\Http\\{closure}()
#24 C:\\Users\\Артём Пазин\\Documents\\GitHub\\Kucher_site\\vendor\\laravel\\framework\\src\\Illuminate\\Foundation\\Http\\Middleware\\TransformsRequest.php(21): Illuminate\\Pipeline\\Pipeline->Illuminate\\Pipeline\\{closure}()
#25 C:\\Users\\Артём Пазин\\Documents\\GitHub\\Kucher_site\\vendor\\laravel\\framework\\src\\Illuminate\\Foundation\\Http\\Middleware\\ConvertEmptyStringsToNull.php(31): Illuminate\\Foundation\\Http\\Middleware\\TransformsRequest->handle()
#26 C:\\Users\\Артём Пазин\\Documents\\GitHub\\Kucher_site\\vendor\\laravel\\framework\\src\\Illuminate\\Pipeline\\Pipeline.php(180): Illuminate\\Foundation\\Http\\Middleware\\ConvertEmptyStringsToNull->handle()
#27 C:\\Users\\Артём Пазин\\Documents\\GitHub\\Kucher_site\\vendor\\laravel\\framework\\src\\Illuminate\\Foundation\\Http\\Middleware\\TransformsRequest.php(21): Illuminate\\Pipeline\\Pipeline->Illuminate\\Pipeline\\{closure}()
#28 C:\\Users\\Артём Пазин\\Documents\\GitHub\\Kucher_site\\vendor\\laravel\\framework\\src\\Illuminate\\Foundation\\Http\\Middleware\\TrimStrings.php(40): Illuminate\\Foundation\\Http\\Middleware\\TransformsRequest->handle()
#29 C:\\Users\\Артём Пазин\\Documents\\GitHub\\Kucher_site\\vendor\\laravel\\framework\\src\\Illuminate\\Pipeline\\Pipeline.php(180): Illuminate\\Foundation\\Http\\Middleware\\TrimStrings->handle()
#30 C:\\Users\\Артём Пазин\\Documents\\GitHub\\Kucher_site\\vendor\\laravel\\framework\\src\\Illuminate\\Foundation\\Http\\Middleware\\ValidatePostSize.php(27): Illuminate\\Pipeline\\Pipeline->Illuminate\\Pipeline\\{closure}()
#31 C:\\Users\\Артём Пазин\\Documents\\GitHub\\Kucher_site\\vendor\\laravel\\framework\\src\\Illuminate\\Pipeline\\Pipeline.php(180): Illuminate\\Foundation\\Http\\Middleware\\ValidatePostSize->handle()
#32 C:\\Users\\Артём Пазин\\Documents\\GitHub\\Kucher_site\\vendor\\laravel\\framework\\src\\Illuminate\\Foundation\\Http\\Middleware\\PreventRequestsDuringMaintenance.php(86): Illuminate\\Pipeline\\Pipeline->Illuminate\\Pipeline\\{closure}()
#33 C:\\Users\\Артём Пазин\\Documents\\GitHub\\Kucher_site\\vendor\\laravel\\framework\\src\\Illuminate\\Pipeline\\Pipeline.php(180): Illuminate\\Foundation\\Http\\Middleware\\PreventRequestsDuringMaintenance->handle()
#34 C:\\Users\\Артём Пазин\\Documents\\GitHub\\Kucher_site\\vendor\\laravel\\framework\\src\\Illuminate\\Http\\Middleware\\HandleCors.php(49): Illuminate\\Pipeline\\Pipeline->Illuminate\\Pipeline\\{closure}()
#35 C:\\Users\\Артём Пазин\\Documents\\GitHub\\Kucher_site\\vendor\\laravel\\framework\\src\\Illuminate\\Pipeline\\Pipeline.php(180): Illuminate\\Http\\Middleware\\HandleCors->handle()
#36 C:\\Users\\Артём Пазин\\Documents\\GitHub\\Kucher_site\\vendor\\laravel\\framework\\src\\Illuminate\\Http\\Middleware\\TrustProxies.php(39): Illuminate\\Pipeline\\Pipeline->Illuminate\\Pipeline\\{closure}()
#37 C:\\Users\\Артём Пазин\\Documents\\GitHub\\Kucher_site\\vendor\\laravel\\framework\\src\\Illuminate\\Pipeline\\Pipeline.php(180): Illuminate\\Http\\Middleware\\TrustProxies->handle()
#38 C:\\Users\\Артём Пазин\\Documents\\GitHub\\Kucher_site\\vendor\\laravel\\framework\\src\\Illuminate\\Pipeline\\Pipeline.php(116): Illuminate\\Pipeline\\Pipeline->Illuminate\\Pipeline\\{closure}()
#39 C:\\Users\\Артём Пазин\\Documents\\GitHub\\Kucher_site\\vendor\\laravel\\framework\\src\\Illuminate\\Foundation\\Http\\Kernel.php(165): Illuminate\\Pipeline\\Pipeline->then()
#40 C:\\Users\\Артём Пазин\\Documents\\GitHub\\Kucher_site\\vendor\\laravel\\framework\\src\\Illuminate\\Foundation\\Http\\Kernel.php(134): Illuminate\\Foundation\\Http\\Kernel->sendRequestThroughRouter()
#41 C:\\Users\\Артём Пазин\\Documents\\GitHub\\Kucher_site\\public\\index.php(51): Illuminate\\Foundation\\Http\\Kernel->handle()
#42 C:\\Users\\Артём Пазин\\Documents\\GitHub\\Kucher_site\\vendor\\laravel\\framework\\src\\Illuminate\\Foundation\\resources\\server.php(16): require_once('...')
#43 {main}
"} 
[2024-11-10 08:11:54] local.ERROR: No application encryption key has been specified. {"exception":"[object] (Illuminate\\Encryption\\MissingAppKeyException(code: 0): No application encryption key has been specified. at C:\\Users\\Артём Пазин\\Documents\\GitHub\\Kucher_site\\vendor\\laravel\\framework\\src\\Illuminate\\Encryption\\EncryptionServiceProvider.php:79)
[stacktrace]
#0 C:\\Users\\Артём Пазин\\Documents\\GitHub\\Kucher_site\\vendor\\laravel\\framework\\src\\Illuminate\\Support\\helpers.php(306): Illuminate\\Encryption\\EncryptionServiceProvider->Illuminate\\Encryption\\{closure}()
#1 C:\\Users\\Артём Пазин\\Documents\\GitHub\\Kucher_site\\vendor\\laravel\\framework\\src\\Illuminate\\Encryption\\EncryptionServiceProvider.php(77): tap()
#2 C:\\Users\\Артём Пазин\\Documents\\GitHub\\Kucher_site\\vendor\\laravel\\framework\\src\\Illuminate\\Encryption\\EncryptionServiceProvider.php(60): Illuminate\\Encryption\\EncryptionServiceProvider->key()
#3 C:\\Users\\Артём Пазин\\Documents\\GitHub\\Kucher_site\\vendor\\laravel\\framework\\src\\Illuminate\\Encryption\\EncryptionServiceProvider.php(32): Illuminate\\Encryption\\EncryptionServiceProvider->parseKey()
#4 C:\\Users\\Артём Пазин\\Documents\\GitHub\\Kucher_site\\vendor\\laravel\\framework\\src\\Illuminate\\Container\\Container.php(885): Illuminate\\Encryption\\EncryptionServiceProvider->Illuminate\\Encryption\\{closure}()
#5 C:\\Users\\Артём Пазин\\Documents\\GitHub\\Kucher_site\\vendor\\laravel\\framework\\src\\Illuminate\\Container\\Container.php(770): Illuminate\\Container\\Container->build()
#6 C:\\Users\\Артём Пазин\\Documents\\GitHub\\Kucher_site\\vendor\\laravel\\framework\\src\\Illuminate\\Foundation\\Application.php(856): Illuminate\\Container\\Container->resolve()
#7 C:\\Users\\Артём Пазин\\Documents\\GitHub\\Kucher_site\\vendor\\laravel\\framework\\src\\Illuminate\\Container\\Container.php(706): Illuminate\\Foundation\\Application->resolve()
#8 C:\\Users\\Артём Пазин\\Documents\\GitHub\\Kucher_site\\vendor\\laravel\\framework\\src\\Illuminate\\Foundation\\Application.php(841): Illuminate\\Container\\Container->make()
#9 C:\\Users\\Артём Пазин\\Documents\\GitHub\\Kucher_site\\vendor\\laravel\\framework\\src\\Illuminate\\Container\\Container.php(1043): Illuminate\\Foundation\\Application->make()
#10 C:\\Users\\Артём Пазин\\Documents\\GitHub\\Kucher_site\\vendor\\laravel\\framework\\src\\Illuminate\\Container\\Container.php(959): Illuminate\\Container\\Container->resolveClass()
#11 C:\\Users\\Артём Пазин\\Documents\\GitHub\\Kucher_site\\vendor\\laravel\\framework\\src\\Illuminate\\Container\\Container.php(920): Illuminate\\Container\\Container->resolveDependencies()
#12 C:\\Users\\Артём Пазин\\Documents\\GitHub\\Kucher_site\\vendor\\laravel\\framework\\src\\Illuminate\\Container\\Container.php(770): Illuminate\\Container\\Container->build()
#13 C:\\Users\\Артём Пазин\\Documents\\GitHub\\Kucher_site\\vendor\\laravel\\framework\\src\\Illuminate\\Foundation\\Application.php(856): Illuminate\\Container\\Container->resolve()
#14 C:\\Users\\Артём Пазин\\Documents\\GitHub\\Kucher_site\\vendor\\laravel\\framework\\src\\Illuminate\\Container\\Container.php(706): Illuminate\\Foundation\\Application->resolve()
#15 C:\\Users\\Артём Пазин\\Documents\\GitHub\\Kucher_site\\vendor\\laravel\\framework\\src\\Illuminate\\Foundation\\Application.php(841): Illuminate\\Container\\Container->make()
#16 C:\\Users\\Артём Пазин\\Documents\\GitHub\\Kucher_site\\vendor\\laravel\\framework\\src\\Illuminate\\Foundation\\Http\\Kernel.php(239): Illuminate\\Foundation\\Application->make()
#17 C:\\Users\\Артём Пазин\\Documents\\GitHub\\Kucher_site\\vendor\\laravel\\framework\\src\\Illuminate\\Foundation\\Http\\Kernel.php(203): Illuminate\\Foundation\\Http\\Kernel->terminateMiddleware()
#18 C:\\Users\\Артём Пазин\\Documents\\GitHub\\Kucher_site\\public\\index.php(55): Illuminate\\Foundation\\Http\\Kernel->terminate()
#19 C:\\Users\\Артём Пазин\\Documents\\GitHub\\Kucher_site\\vendor\\laravel\\framework\\src\\Illuminate\\Foundation\\resources\\server.php(16): require_once('...')
#20 {main}
"} 
[2024-11-10 08:11:58] local.ERROR: No application encryption key has been specified. {"exception":"[object] (Illuminate\\Encryption\\MissingAppKeyException(code: 0): No application encryption key has been specified. at C:\\Users\\Артём Пазин\\Documents\\GitHub\\Kucher_site\\vendor\\laravel\\framework\\src\\Illuminate\\Encryption\\EncryptionServiceProvider.php:79)
[stacktrace]
#0 C:\\Users\\Артём Пазин\\Documents\\GitHub\\Kucher_site\\vendor\\laravel\\framework\\src\\Illuminate\\Support\\helpers.php(306): Illuminate\\Encryption\\EncryptionServiceProvider->Illuminate\\Encryption\\{closure}()
#1 C:\\Users\\Артём Пазин\\Documents\\GitHub\\Kucher_site\\vendor\\laravel\\framework\\src\\Illuminate\\Encryption\\EncryptionServiceProvider.php(77): tap()
#2 C:\\Users\\Артём Пазин\\Documents\\GitHub\\Kucher_site\\vendor\\laravel\\framework\\src\\Illuminate\\Encryption\\EncryptionServiceProvider.php(60): Illuminate\\Encryption\\EncryptionServiceProvider->key()
#3 C:\\Users\\Артём Пазин\\Documents\\GitHub\\Kucher_site\\vendor\\laravel\\framework\\src\\Illuminate\\Encryption\\EncryptionServiceProvider.php(32): Illuminate\\Encryption\\EncryptionServiceProvider->parseKey()
#4 C:\\Users\\Артём Пазин\\Documents\\GitHub\\Kucher_site\\vendor\\laravel\\framework\\src\\Illuminate\\Container\\Container.php(885): Illuminate\\Encryption\\EncryptionServiceProvider->Illuminate\\Encryption\\{closure}()
#5 C:\\Users\\Артём Пазин\\Documents\\GitHub\\Kucher_site\\vendor\\laravel\\framework\\src\\Illuminate\\Container\\Container.php(770): Illuminate\\Container\\Container->build()
#6 C:\\Users\\Артём Пазин\\Documents\\GitHub\\Kucher_site\\vendor\\laravel\\framework\\src\\Illuminate\\Foundation\\Application.php(856): Illuminate\\Container\\Container->resolve()
#7 C:\\Users\\Артём Пазин\\Documents\\GitHub\\Kucher_site\\vendor\\laravel\\framework\\src\\Illuminate\\Container\\Container.php(706): Illuminate\\Foundation\\Application->resolve()
#8 C:\\Users\\Артём Пазин\\Documents\\GitHub\\Kucher_site\\vendor\\laravel\\framework\\src\\Illuminate\\Foundation\\Application.php(841): Illuminate\\Container\\Container->make()
#9 C:\\Users\\Артём Пазин\\Documents\\GitHub\\Kucher_site\\vendor\\laravel\\framework\\src\\Illuminate\\Container\\Container.php(1043): Illuminate\\Foundation\\Application->make()
#10 C:\\Users\\Артём Пазин\\Documents\\GitHub\\Kucher_site\\vendor\\laravel\\framework\\src\\Illuminate\\Container\\Container.php(959): Illuminate\\Container\\Container->resolveClass()
#11 C:\\Users\\Артём Пазин\\Documents\\GitHub\\Kucher_site\\vendor\\laravel\\framework\\src\\Illuminate\\Container\\Container.php(920): Illuminate\\Container\\Container->resolveDependencies()
#12 C:\\Users\\Артём Пазин\\Documents\\GitHub\\Kucher_site\\vendor\\laravel\\framework\\src\\Illuminate\\Container\\Container.php(770): Illuminate\\Container\\Container->build()
#13 C:\\Users\\Артём Пазин\\Documents\\GitHub\\Kucher_site\\vendor\\laravel\\framework\\src\\Illuminate\\Foundation\\Application.php(856): Illuminate\\Container\\Container->resolve()
#14 C:\\Users\\Артём Пазин\\Documents\\GitHub\\Kucher_site\\vendor\\laravel\\framework\\src\\Illuminate\\Container\\Container.php(706): Illuminate\\Foundation\\Application->resolve()
#15 C:\\Users\\Артём Пазин\\Documents\\GitHub\\Kucher_site\\vendor\\laravel\\framework\\src\\Illuminate\\Foundation\\Application.php(841): Illuminate\\Container\\Container->make()
#16 C:\\Users\\Артём Пазин\\Documents\\GitHub\\Kucher_site\\vendor\\laravel\\framework\\src\\Illuminate\\Pipeline\\Pipeline.php(169): Illuminate\\Foundation\\Application->make()
#17 C:\\Users\\Артём Пазин\\Documents\\GitHub\\Kucher_site\\vendor\\laravel\\framework\\src\\Illuminate\\Pipeline\\Pipeline.php(116): Illuminate\\Pipeline\\Pipeline->Illuminate\\Pipeline\\{closure}()
#18 C:\\Users\\Артём Пазин\\Documents\\GitHub\\Kucher_site\\vendor\\laravel\\framework\\src\\Illuminate\\Routing\\Router.php(797): Illuminate\\Pipeline\\Pipeline->then()
#19 C:\\Users\\Артём Пазин\\Documents\\GitHub\\Kucher_site\\vendor\\laravel\\framework\\src\\Illuminate\\Routing\\Router.php(776): Illuminate\\Routing\\Router->runRouteWithinStack()
#20 C:\\Users\\Артём Пазин\\Documents\\GitHub\\Kucher_site\\vendor\\laravel\\framework\\src\\Illuminate\\Routing\\Router.php(740): Illuminate\\Routing\\Router->runRoute()
#21 C:\\Users\\Артём Пазин\\Documents\\GitHub\\Kucher_site\\vendor\\laravel\\framework\\src\\Illuminate\\Routing\\Router.php(729): Illuminate\\Routing\\Router->dispatchToRoute()
#22 C:\\Users\\Артём Пазин\\Documents\\GitHub\\Kucher_site\\vendor\\laravel\\framework\\src\\Illuminate\\Foundation\\Http\\Kernel.php(190): Illuminate\\Routing\\Router->dispatch()
#23 C:\\Users\\Артём Пазин\\Documents\\GitHub\\Kucher_site\\vendor\\laravel\\framework\\src\\Illuminate\\Pipeline\\Pipeline.php(141): Illuminate\\Foundation\\Http\\Kernel->Illuminate\\Foundation\\Http\\{closure}()
#24 C:\\Users\\Артём Пазин\\Documents\\GitHub\\Kucher_site\\vendor\\laravel\\framework\\src\\Illuminate\\Foundation\\Http\\Middleware\\TransformsRequest.php(21): Illuminate\\Pipeline\\Pipeline->Illuminate\\Pipeline\\{closure}()
#25 C:\\Users\\Артём Пазин\\Documents\\GitHub\\Kucher_site\\vendor\\laravel\\framework\\src\\Illuminate\\Foundation\\Http\\Middleware\\ConvertEmptyStringsToNull.php(31): Illuminate\\Foundation\\Http\\Middleware\\TransformsRequest->handle()
#26 C:\\Users\\Артём Пазин\\Documents\\GitHub\\Kucher_site\\vendor\\laravel\\framework\\src\\Illuminate\\Pipeline\\Pipeline.php(180): Illuminate\\Foundation\\Http\\Middleware\\ConvertEmptyStringsToNull->handle()
#27 C:\\Users\\Артём Пазин\\Documents\\GitHub\\Kucher_site\\vendor\\laravel\\framework\\src\\Illuminate\\Foundation\\Http\\Middleware\\TransformsRequest.php(21): Illuminate\\Pipeline\\Pipeline->Illuminate\\Pipeline\\{closure}()
#28 C:\\Users\\Артём Пазин\\Documents\\GitHub\\Kucher_site\\vendor\\laravel\\framework\\src\\Illuminate\\Foundation\\Http\\Middleware\\TrimStrings.php(40): Illuminate\\Foundation\\Http\\Middleware\\TransformsRequest->handle()
#29 C:\\Users\\Артём Пазин\\Documents\\GitHub\\Kucher_site\\vendor\\laravel\\framework\\src\\Illuminate\\Pipeline\\Pipeline.php(180): Illuminate\\Foundation\\Http\\Middleware\\TrimStrings->handle()
#30 C:\\Users\\Артём Пазин\\Documents\\GitHub\\Kucher_site\\vendor\\laravel\\framework\\src\\Illuminate\\Foundation\\Http\\Middleware\\ValidatePostSize.php(27): Illuminate\\Pipeline\\Pipeline->Illuminate\\Pipeline\\{closure}()
#31 C:\\Users\\Артём Пазин\\Documents\\GitHub\\Kucher_site\\vendor\\laravel\\framework\\src\\Illuminate\\Pipeline\\Pipeline.php(180): Illuminate\\Foundation\\Http\\Middleware\\ValidatePostSize->handle()
#32 C:\\Users\\Артём Пазин\\Documents\\GitHub\\Kucher_site\\vendor\\laravel\\framework\\src\\Illuminate\\Foundation\\Http\\Middleware\\PreventRequestsDuringMaintenance.php(86): Illuminate\\Pipeline\\Pipeline->Illuminate\\Pipeline\\{closure}()
#33 C:\\Users\\Артём Пазин\\Documents\\GitHub\\Kucher_site\\vendor\\laravel\\framework\\src\\Illuminate\\Pipeline\\Pipeline.php(180): Illuminate\\Foundation\\Http\\Middleware\\PreventRequestsDuringMaintenance->handle()
#34 C:\\Users\\Артём Пазин\\Documents\\GitHub\\Kucher_site\\vendor\\laravel\\framework\\src\\Illuminate\\Http\\Middleware\\HandleCors.php(49): Illuminate\\Pipeline\\Pipeline->Illuminate\\Pipeline\\{closure}()
#35 C:\\Users\\Артём Пазин\\Documents\\GitHub\\Kucher_site\\vendor\\laravel\\framework\\src\\Illuminate\\Pipeline\\Pipeline.php(180): Illuminate\\Http\\Middleware\\HandleCors->handle()
#36 C:\\Users\\Артём Пазин\\Documents\\GitHub\\Kucher_site\\vendor\\laravel\\framework\\src\\Illuminate\\Http\\Middleware\\TrustProxies.php(39): Illuminate\\Pipeline\\Pipeline->Illuminate\\Pipeline\\{closure}()
#37 C:\\Users\\Артём Пазин\\Documents\\GitHub\\Kucher_site\\vendor\\laravel\\framework\\src\\Illuminate\\Pipeline\\Pipeline.php(180): Illuminate\\Http\\Middleware\\TrustProxies->handle()
#38 C:\\Users\\Артём Пазин\\Documents\\GitHub\\Kucher_site\\vendor\\laravel\\framework\\src\\Illuminate\\Pipeline\\Pipeline.php(116): Illuminate\\Pipeline\\Pipeline->Illuminate\\Pipeline\\{closure}()
#39 C:\\Users\\Артём Пазин\\Documents\\GitHub\\Kucher_site\\vendor\\laravel\\framework\\src\\Illuminate\\Foundation\\Http\\Kernel.php(165): Illuminate\\Pipeline\\Pipeline->then()
#40 C:\\Users\\Артём Пазин\\Documents\\GitHub\\Kucher_site\\vendor\\laravel\\framework\\src\\Illuminate\\Foundation\\Http\\Kernel.php(134): Illuminate\\Foundation\\Http\\Kernel->sendRequestThroughRouter()
#41 C:\\Users\\Артём Пазин\\Documents\\GitHub\\Kucher_site\\public\\index.php(51): Illuminate\\Foundation\\Http\\Kernel->handle()
#42 C:\\Users\\Артём Пазин\\Documents\\GitHub\\Kucher_site\\vendor\\laravel\\framework\\src\\Illuminate\\Foundation\\resources\\server.php(16): require_once('...')
#43 {main}
"} 
[2024-11-10 08:11:58] local.ERROR: No application encryption key has been specified. {"exception":"[object] (Illuminate\\Encryption\\MissingAppKeyException(code: 0): No application encryption key has been specified. at C:\\Users\\Артём Пазин\\Documents\\GitHub\\Kucher_site\\vendor\\laravel\\framework\\src\\Illuminate\\Encryption\\EncryptionServiceProvider.php:79)
[stacktrace]
#0 C:\\Users\\Артём Пазин\\Documents\\GitHub\\Kucher_site\\vendor\\laravel\\framework\\src\\Illuminate\\Support\\helpers.php(306): Illuminate\\Encryption\\EncryptionServiceProvider->Illuminate\\Encryption\\{closure}()
#1 C:\\Users\\Артём Пазин\\Documents\\GitHub\\Kucher_site\\vendor\\laravel\\framework\\src\\Illuminate\\Encryption\\EncryptionServiceProvider.php(77): tap()
#2 C:\\Users\\Артём Пазин\\Documents\\GitHub\\Kucher_site\\vendor\\laravel\\framework\\src\\Illuminate\\Encryption\\EncryptionServiceProvider.php(60): Illuminate\\Encryption\\EncryptionServiceProvider->key()
#3 C:\\Users\\Артём Пазин\\Documents\\GitHub\\Kucher_site\\vendor\\laravel\\framework\\src\\Illuminate\\Encryption\\EncryptionServiceProvider.php(32): Illuminate\\Encryption\\EncryptionServiceProvider->parseKey()
#4 C:\\Users\\Артём Пазин\\Documents\\GitHub\\Kucher_site\\vendor\\laravel\\framework\\src\\Illuminate\\Container\\Container.php(885): Illuminate\\Encryption\\EncryptionServiceProvider->Illuminate\\Encryption\\{closure}()
#5 C:\\Users\\Артём Пазин\\Documents\\GitHub\\Kucher_site\\vendor\\laravel\\framework\\src\\Illuminate\\Container\\Container.php(770): Illuminate\\Container\\Container->build()
#6 C:\\Users\\Артём Пазин\\Documents\\GitHub\\Kucher_site\\vendor\\laravel\\framework\\src\\Illuminate\\Foundation\\Application.php(856): Illuminate\\Container\\Container->resolve()
#7 C:\\Users\\Артём Пазин\\Documents\\GitHub\\Kucher_site\\vendor\\laravel\\framework\\src\\Illuminate\\Container\\Container.php(706): Illuminate\\Foundation\\Application->resolve()
#8 C:\\Users\\Артём Пазин\\Documents\\GitHub\\Kucher_site\\vendor\\laravel\\framework\\src\\Illuminate\\Foundation\\Application.php(841): Illuminate\\Container\\Container->make()
#9 C:\\Users\\Артём Пазин\\Documents\\GitHub\\Kucher_site\\vendor\\laravel\\framework\\src\\Illuminate\\Container\\Container.php(1043): Illuminate\\Foundation\\Application->make()
#10 C:\\Users\\Артём Пазин\\Documents\\GitHub\\Kucher_site\\vendor\\laravel\\framework\\src\\Illuminate\\Container\\Container.php(959): Illuminate\\Container\\Container->resolveClass()
#11 C:\\Users\\Артём Пазин\\Documents\\GitHub\\Kucher_site\\vendor\\laravel\\framework\\src\\Illuminate\\Container\\Container.php(920): Illuminate\\Container\\Container->resolveDependencies()
#12 C:\\Users\\Артём Пазин\\Documents\\GitHub\\Kucher_site\\vendor\\laravel\\framework\\src\\Illuminate\\Container\\Container.php(770): Illuminate\\Container\\Container->build()
#13 C:\\Users\\Артём Пазин\\Documents\\GitHub\\Kucher_site\\vendor\\laravel\\framework\\src\\Illuminate\\Foundation\\Application.php(856): Illuminate\\Container\\Container->resolve()
#14 C:\\Users\\Артём Пазин\\Documents\\GitHub\\Kucher_site\\vendor\\laravel\\framework\\src\\Illuminate\\Container\\Container.php(706): Illuminate\\Foundation\\Application->resolve()
#15 C:\\Users\\Артём Пазин\\Documents\\GitHub\\Kucher_site\\vendor\\laravel\\framework\\src\\Illuminate\\Foundation\\Application.php(841): Illuminate\\Container\\Container->make()
#16 C:\\Users\\Артём Пазин\\Documents\\GitHub\\Kucher_site\\vendor\\laravel\\framework\\src\\Illuminate\\Foundation\\Http\\Kernel.php(239): Illuminate\\Foundation\\Application->make()
#17 C:\\Users\\Артём Пазин\\Documents\\GitHub\\Kucher_site\\vendor\\laravel\\framework\\src\\Illuminate\\Foundation\\Http\\Kernel.php(203): Illuminate\\Foundation\\Http\\Kernel->terminateMiddleware()
#18 C:\\Users\\Артём Пазин\\Documents\\GitHub\\Kucher_site\\public\\index.php(55): Illuminate\\Foundation\\Http\\Kernel->terminate()
#19 C:\\Users\\Артём Пазин\\Documents\\GitHub\\Kucher_site\\vendor\\laravel\\framework\\src\\Illuminate\\Foundation\\resources\\server.php(16): require_once('...')
#20 {main}
"} 
[2024-11-10 08:13:01] local.ERROR: SQLSTATE[HY000] [1044] Access denied for user 'gen_user'@'%' to database 'laravel_db' (SQL: select * from `users` where `email` = pazin-artem@mail.ru limit 1) {"exception":"[object] (Illuminate\\Database\\QueryException(code: 1044): SQLSTATE[HY000] [1044] Access denied for user 'gen_user'@'%' to database 'laravel_db' (SQL: select * from `users` where `email` = pazin-artem@mail.ru limit 1) at C:\\Users\\Артём Пазин\\Documents\\GitHub\\Kucher_site\\vendor\\laravel\\framework\\src\\Illuminate\\Database\\Connection.php:760)
[stacktrace]
#0 C:\\Users\\Артём Пазин\\Documents\\GitHub\\Kucher_site\\vendor\\laravel\\framework\\src\\Illuminate\\Database\\Connection.php(720): Illuminate\\Database\\Connection->runQueryCallback()
#1 C:\\Users\\Артём Пазин\\Documents\\GitHub\\Kucher_site\\vendor\\laravel\\framework\\src\\Illuminate\\Database\\Connection.php(405): Illuminate\\Database\\Connection->run()
#2 C:\\Users\\Артём Пазин\\Documents\\GitHub\\Kucher_site\\vendor\\laravel\\framework\\src\\Illuminate\\Database\\Query\\Builder.php(2705): Illuminate\\Database\\Connection->select()
#3 C:\\Users\\Артём Пазин\\Documents\\GitHub\\Kucher_site\\vendor\\laravel\\framework\\src\\Illuminate\\Database\\Query\\Builder.php(2694): Illuminate\\Database\\Query\\Builder->runSelect()
#4 C:\\Users\\Артём Пазин\\Documents\\GitHub\\Kucher_site\\vendor\\laravel\\framework\\src\\Illuminate\\Database\\Query\\Builder.php(3230): Illuminate\\Database\\Query\\Builder->Illuminate\\Database\\Query\\{closure}()
#5 C:\\Users\\Артём Пазин\\Documents\\GitHub\\Kucher_site\\vendor\\laravel\\framework\\src\\Illuminate\\Database\\Query\\Builder.php(2693): Illuminate\\Database\\Query\\Builder->onceWithColumns()
#6 C:\\Users\\Артём Пазин\\Documents\\GitHub\\Kucher_site\\vendor\\laravel\\framework\\src\\Illuminate\\Database\\Eloquent\\Builder.php(710): Illuminate\\Database\\Query\\Builder->get()
#7 C:\\Users\\Артём Пазин\\Documents\\GitHub\\Kucher_site\\vendor\\laravel\\framework\\src\\Illuminate\\Database\\Eloquent\\Builder.php(694): Illuminate\\Database\\Eloquent\\Builder->getModels()
#8 C:\\Users\\Артём Пазин\\Documents\\GitHub\\Kucher_site\\vendor\\laravel\\framework\\src\\Illuminate\\Database\\Concerns\\BuildsQueries.php(296): Illuminate\\Database\\Eloquent\\Builder->get()
#9 C:\\Users\\Артём Пазин\\Documents\\GitHub\\Kucher_site\\vendor\\laravel\\framework\\src\\Illuminate\\Auth\\EloquentUserProvider.php(139): Illuminate\\Database\\Eloquent\\Builder->first()
#10 C:\\Users\\Артём Пазин\\Documents\\GitHub\\Kucher_site\\vendor\\laravel\\framework\\src\\Illuminate\\Auth\\SessionGuard.php(381): Illuminate\\Auth\\EloquentUserProvider->retrieveByCredentials()
#11 C:\\Users\\Артём Пазин\\Documents\\GitHub\\Kucher_site\\vendor\\laravel\\ui\\auth-backend\\AuthenticatesUsers.php(86): Illuminate\\Auth\\SessionGuard->attempt()
#12 C:\\Users\\Артём Пазин\\Documents\\GitHub\\Kucher_site\\vendor\\laravel\\ui\\auth-backend\\AuthenticatesUsers.php(46): App\\Http\\Controllers\\Auth\\LoginController->attemptLogin()
#13 C:\\Users\\Артём Пазин\\Documents\\GitHub\\Kucher_site\\vendor\\laravel\\framework\\src\\Illuminate\\Routing\\Controller.php(54): App\\Http\\Controllers\\Auth\\LoginController->login()
#14 C:\\Users\\Артём Пазин\\Documents\\GitHub\\Kucher_site\\vendor\\laravel\\framework\\src\\Illuminate\\Routing\\ControllerDispatcher.php(43): Illuminate\\Routing\\Controller->callAction()
#15 C:\\Users\\Артём Пазин\\Documents\\GitHub\\Kucher_site\\vendor\\laravel\\framework\\src\\Illuminate\\Routing\\Route.php(259): Illuminate\\Routing\\ControllerDispatcher->dispatch()
#16 C:\\Users\\Артём Пазин\\Documents\\GitHub\\Kucher_site\\vendor\\laravel\\framework\\src\\Illuminate\\Routing\\Route.php(205): Illuminate\\Routing\\Route->runController()
#17 C:\\Users\\Артём Пазин\\Documents\\GitHub\\Kucher_site\\vendor\\laravel\\framework\\src\\Illuminate\\Routing\\Router.php(798): Illuminate\\Routing\\Route->run()
#18 C:\\Users\\Артём Пазин\\Documents\\GitHub\\Kucher_site\\vendor\\laravel\\framework\\src\\Illuminate\\Pipeline\\Pipeline.php(141): Illuminate\\Routing\\Router->Illuminate\\Routing\\{closure}()
#19 C:\\Users\\Артём Пазин\\Documents\\GitHub\\Kucher_site\\app\\Http\\Middleware\\RedirectIfAuthenticated.php(30): Illuminate\\Pipeline\\Pipeline->Illuminate\\Pipeline\\{closure}()
#20 C:\\Users\\Артём Пазин\\Documents\\GitHub\\Kucher_site\\vendor\\laravel\\framework\\src\\Illuminate\\Pipeline\\Pipeline.php(180): App\\Http\\Middleware\\RedirectIfAuthenticated->handle()
#21 C:\\Users\\Артём Пазин\\Documents\\GitHub\\Kucher_site\\vendor\\laravel\\framework\\src\\Illuminate\\Routing\\Middleware\\SubstituteBindings.php(50): Illuminate\\Pipeline\\Pipeline->Illuminate\\Pipeline\\{closure}()
#22 C:\\Users\\Артём Пазин\\Documents\\GitHub\\Kucher_site\\vendor\\laravel\\framework\\src\\Illuminate\\Pipeline\\Pipeline.php(180): Illuminate\\Routing\\Middleware\\SubstituteBindings->handle()
#23 C:\\Users\\Артём Пазин\\Documents\\GitHub\\Kucher_site\\vendor\\laravel\\framework\\src\\Illuminate\\Foundation\\Http\\Middleware\\VerifyCsrfToken.php(78): Illuminate\\Pipeline\\Pipeline->Illuminate\\Pipeline\\{closure}()
#24 C:\\Users\\Артём Пазин\\Documents\\GitHub\\Kucher_site\\vendor\\laravel\\framework\\src\\Illuminate\\Pipeline\\Pipeline.php(180): Illuminate\\Foundation\\Http\\Middleware\\VerifyCsrfToken->handle()
#25 C:\\Users\\Артём Пазин\\Documents\\GitHub\\Kucher_site\\vendor\\laravel\\framework\\src\\Illuminate\\View\\Middleware\\ShareErrorsFromSession.php(49): Illuminate\\Pipeline\\Pipeline->Illuminate\\Pipeline\\{closure}()
#26 C:\\Users\\Артём Пазин\\Documents\\GitHub\\Kucher_site\\vendor\\laravel\\framework\\src\\Illuminate\\Pipeline\\Pipeline.php(180): Illuminate\\View\\Middleware\\ShareErrorsFromSession->handle()
#27 C:\\Users\\Артём Пазин\\Documents\\GitHub\\Kucher_site\\vendor\\laravel\\framework\\src\\Illuminate\\Session\\Middleware\\StartSession.php(121): Illuminate\\Pipeline\\Pipeline->Illuminate\\Pipeline\\{closure}()
#28 C:\\Users\\Артём Пазин\\Documents\\GitHub\\Kucher_site\\vendor\\laravel\\framework\\src\\Illuminate\\Session\\Middleware\\StartSession.php(64): Illuminate\\Session\\Middleware\\StartSession->handleStatefulRequest()
#29 C:\\Users\\Артём Пазин\\Documents\\GitHub\\Kucher_site\\vendor\\laravel\\framework\\src\\Illuminate\\Pipeline\\Pipeline.php(180): Illuminate\\Session\\Middleware\\StartSession->handle()
#30 C:\\Users\\Артём Пазин\\Documents\\GitHub\\Kucher_site\\vendor\\laravel\\framework\\src\\Illuminate\\Cookie\\Middleware\\AddQueuedCookiesToResponse.php(37): Illuminate\\Pipeline\\Pipeline->Illuminate\\Pipeline\\{closure}()
#31 C:\\Users\\Артём Пазин\\Documents\\GitHub\\Kucher_site\\vendor\\laravel\\framework\\src\\Illuminate\\Pipeline\\Pipeline.php(180): Illuminate\\Cookie\\Middleware\\AddQueuedCookiesToResponse->handle()
#32 C:\\Users\\Артём Пазин\\Documents\\GitHub\\Kucher_site\\vendor\\laravel\\framework\\src\\Illuminate\\Cookie\\Middleware\\EncryptCookies.php(67): Illuminate\\Pipeline\\Pipeline->Illuminate\\Pipeline\\{closure}()
#33 C:\\Users\\Артём Пазин\\Documents\\GitHub\\Kucher_site\\vendor\\laravel\\framework\\src\\Illuminate\\Pipeline\\Pipeline.php(180): Illuminate\\Cookie\\Middleware\\EncryptCookies->handle()
#34 C:\\Users\\Артём Пазин\\Documents\\GitHub\\Kucher_site\\vendor\\laravel\\framework\\src\\Illuminate\\Pipeline\\Pipeline.php(116): Illuminate\\Pipeline\\Pipeline->Illuminate\\Pipeline\\{closure}()
#35 C:\\Users\\Артём Пазин\\Documents\\GitHub\\Kucher_site\\vendor\\laravel\\framework\\src\\Illuminate\\Routing\\Router.php(797): Illuminate\\Pipeline\\Pipeline->then()
#36 C:\\Users\\Артём Пазин\\Documents\\GitHub\\Kucher_site\\vendor\\laravel\\framework\\src\\Illuminate\\Routing\\Router.php(776): Illuminate\\Routing\\Router->runRouteWithinStack()
#37 C:\\Users\\Артём Пазин\\Documents\\GitHub\\Kucher_site\\vendor\\laravel\\framework\\src\\Illuminate\\Routing\\Router.php(740): Illuminate\\Routing\\Router->runRoute()
#38 C:\\Users\\Артём Пазин\\Documents\\GitHub\\Kucher_site\\vendor\\laravel\\framework\\src\\Illuminate\\Routing\\Router.php(729): Illuminate\\Routing\\Router->dispatchToRoute()
#39 C:\\Users\\Артём Пазин\\Documents\\GitHub\\Kucher_site\\vendor\\laravel\\framework\\src\\Illuminate\\Foundation\\Http\\Kernel.php(190): Illuminate\\Routing\\Router->dispatch()
#40 C:\\Users\\Артём Пазин\\Documents\\GitHub\\Kucher_site\\vendor\\laravel\\framework\\src\\Illuminate\\Pipeline\\Pipeline.php(141): Illuminate\\Foundation\\Http\\Kernel->Illuminate\\Foundation\\Http\\{closure}()
#41 C:\\Users\\Артём Пазин\\Documents\\GitHub\\Kucher_site\\vendor\\laravel\\framework\\src\\Illuminate\\Foundation\\Http\\Middleware\\TransformsRequest.php(21): Illuminate\\Pipeline\\Pipeline->Illuminate\\Pipeline\\{closure}()
#42 C:\\Users\\Артём Пазин\\Documents\\GitHub\\Kucher_site\\vendor\\laravel\\framework\\src\\Illuminate\\Foundation\\Http\\Middleware\\ConvertEmptyStringsToNull.php(31): Illuminate\\Foundation\\Http\\Middleware\\TransformsRequest->handle()
#43 C:\\Users\\Артём Пазин\\Documents\\GitHub\\Kucher_site\\vendor\\laravel\\framework\\src\\Illuminate\\Pipeline\\Pipeline.php(180): Illuminate\\Foundation\\Http\\Middleware\\ConvertEmptyStringsToNull->handle()
#44 C:\\Users\\Артём Пазин\\Documents\\GitHub\\Kucher_site\\vendor\\laravel\\framework\\src\\Illuminate\\Foundation\\Http\\Middleware\\TransformsRequest.php(21): Illuminate\\Pipeline\\Pipeline->Illuminate\\Pipeline\\{closure}()
#45 C:\\Users\\Артём Пазин\\Documents\\GitHub\\Kucher_site\\vendor\\laravel\\framework\\src\\Illuminate\\Foundation\\Http\\Middleware\\TrimStrings.php(40): Illuminate\\Foundation\\Http\\Middleware\\TransformsRequest->handle()
#46 C:\\Users\\Артём Пазин\\Documents\\GitHub\\Kucher_site\\vendor\\laravel\\framework\\src\\Illuminate\\Pipeline\\Pipeline.php(180): Illuminate\\Foundation\\Http\\Middleware\\TrimStrings->handle()
#47 C:\\Users\\Артём Пазин\\Documents\\GitHub\\Kucher_site\\vendor\\laravel\\framework\\src\\Illuminate\\Foundation\\Http\\Middleware\\ValidatePostSize.php(27): Illuminate\\Pipeline\\Pipeline->Illuminate\\Pipeline\\{closure}()
#48 C:\\Users\\Артём Пазин\\Documents\\GitHub\\Kucher_site\\vendor\\laravel\\framework\\src\\Illuminate\\Pipeline\\Pipeline.php(180): Illuminate\\Foundation\\Http\\Middleware\\ValidatePostSize->handle()
#49 C:\\Users\\Артём Пазин\\Documents\\GitHub\\Kucher_site\\vendor\\laravel\\framework\\src\\Illuminate\\Foundation\\Http\\Middleware\\PreventRequestsDuringMaintenance.php(86): Illuminate\\Pipeline\\Pipeline->Illuminate\\Pipeline\\{closure}()
#50 C:\\Users\\Артём Пазин\\Documents\\GitHub\\Kucher_site\\vendor\\laravel\\framework\\src\\Illuminate\\Pipeline\\Pipeline.php(180): Illuminate\\Foundation\\Http\\Middleware\\PreventRequestsDuringMaintenance->handle()
#51 C:\\Users\\Артём Пазин\\Documents\\GitHub\\Kucher_site\\vendor\\laravel\\framework\\src\\Illuminate\\Http\\Middleware\\HandleCors.php(49): Illuminate\\Pipeline\\Pipeline->Illuminate\\Pipeline\\{closure}()
#52 C:\\Users\\Артём Пазин\\Documents\\GitHub\\Kucher_site\\vendor\\laravel\\framework\\src\\Illuminate\\Pipeline\\Pipeline.php(180): Illuminate\\Http\\Middleware\\HandleCors->handle()
#53 C:\\Users\\Артём Пазин\\Documents\\GitHub\\Kucher_site\\vendor\\laravel\\framework\\src\\Illuminate\\Http\\Middleware\\TrustProxies.php(39): Illuminate\\Pipeline\\Pipeline->Illuminate\\Pipeline\\{closure}()
#54 C:\\Users\\Артём Пазин\\Documents\\GitHub\\Kucher_site\\vendor\\laravel\\framework\\src\\Illuminate\\Pipeline\\Pipeline.php(180): Illuminate\\Http\\Middleware\\TrustProxies->handle()
#55 C:\\Users\\Артём Пазин\\Documents\\GitHub\\Kucher_site\\vendor\\laravel\\framework\\src\\Illuminate\\Pipeline\\Pipeline.php(116): Illuminate\\Pipeline\\Pipeline->Illuminate\\Pipeline\\{closure}()
#56 C:\\Users\\Артём Пазин\\Documents\\GitHub\\Kucher_site\\vendor\\laravel\\framework\\src\\Illuminate\\Foundation\\Http\\Kernel.php(165): Illuminate\\Pipeline\\Pipeline->then()
#57 C:\\Users\\Артём Пазин\\Documents\\GitHub\\Kucher_site\\vendor\\laravel\\framework\\src\\Illuminate\\Foundation\\Http\\Kernel.php(134): Illuminate\\Foundation\\Http\\Kernel->sendRequestThroughRouter()
#58 C:\\Users\\Артём Пазин\\Documents\\GitHub\\Kucher_site\\public\\index.php(51): Illuminate\\Foundation\\Http\\Kernel->handle()
#59 C:\\Users\\Артём Пазин\\Documents\\GitHub\\Kucher_site\\vendor\\laravel\\framework\\src\\Illuminate\\Foundation\\resources\\server.php(16): require_once('...')
#60 {main}

[previous exception] [object] (PDOException(code: 1044): SQLSTATE[HY000] [1044] Access denied for user 'gen_user'@'%' to database 'laravel_db' at C:\\Users\\Артём Пазин\\Documents\\GitHub\\Kucher_site\\vendor\\laravel\\framework\\src\\Illuminate\\Database\\Connectors\\Connector.php:70)
[stacktrace]
#0 C:\\Users\\Артём Пазин\\Documents\\GitHub\\Kucher_site\\vendor\\laravel\\framework\\src\\Illuminate\\Database\\Connectors\\Connector.php(70): PDO->__construct()
#1 C:\\Users\\Артём Пазин\\Documents\\GitHub\\Kucher_site\\vendor\\laravel\\framework\\src\\Illuminate\\Database\\Connectors\\Connector.php(45): Illuminate\\Database\\Connectors\\Connector->createPdoConnection()
#2 C:\\Users\\Артём Пазин\\Documents\\GitHub\\Kucher_site\\vendor\\laravel\\framework\\src\\Illuminate\\Database\\Connectors\\MySqlConnector.php(24): Illuminate\\Database\\Connectors\\Connector->createConnection()
#3 C:\\Users\\Артём Пазин\\Documents\\GitHub\\Kucher_site\\vendor\\laravel\\framework\\src\\Illuminate\\Database\\Connectors\\ConnectionFactory.php(184): Illuminate\\Database\\Connectors\\MySqlConnector->connect()
#4 [internal function]: Illuminate\\Database\\Connectors\\ConnectionFactory->Illuminate\\Database\\Connectors\\{closure}()
#5 C:\\Users\\Артём Пазин\\Documents\\GitHub\\Kucher_site\\vendor\\laravel\\framework\\src\\Illuminate\\Database\\Connection.php(1181): call_user_func()
#6 C:\\Users\\Артём Пазин\\Documents\\GitHub\\Kucher_site\\vendor\\laravel\\framework\\src\\Illuminate\\Database\\Connection.php(1217): Illuminate\\Database\\Connection->getPdo()
#7 C:\\Users\\Артём Пазин\\Documents\\GitHub\\Kucher_site\\vendor\\laravel\\framework\\src\\Illuminate\\Database\\Connection.php(486): Illuminate\\Database\\Connection->getReadPdo()
#8 C:\\Users\\Артём Пазин\\Documents\\GitHub\\Kucher_site\\vendor\\laravel\\framework\\src\\Illuminate\\Database\\Connection.php(414): Illuminate\\Database\\Connection->getPdoForSelect()
#9 C:\\Users\\Артём Пазин\\Documents\\GitHub\\Kucher_site\\vendor\\laravel\\framework\\src\\Illuminate\\Database\\Connection.php(753): Illuminate\\Database\\Connection->Illuminate\\Database\\{closure}()
#10 C:\\Users\\Артём Пазин\\Documents\\GitHub\\Kucher_site\\vendor\\laravel\\framework\\src\\Illuminate\\Database\\Connection.php(720): Illuminate\\Database\\Connection->runQueryCallback()
#11 C:\\Users\\Артём Пазин\\Documents\\GitHub\\Kucher_site\\vendor\\laravel\\framework\\src\\Illuminate\\Database\\Connection.php(405): Illuminate\\Database\\Connection->run()
#12 C:\\Users\\Артём Пазин\\Documents\\GitHub\\Kucher_site\\vendor\\laravel\\framework\\src\\Illuminate\\Database\\Query\\Builder.php(2705): Illuminate\\Database\\Connection->select()
#13 C:\\Users\\Артём Пазин\\Documents\\GitHub\\Kucher_site\\vendor\\laravel\\framework\\src\\Illuminate\\Database\\Query\\Builder.php(2694): Illuminate\\Database\\Query\\Builder->runSelect()
#14 C:\\Users\\Артём Пазин\\Documents\\GitHub\\Kucher_site\\vendor\\laravel\\framework\\src\\Illuminate\\Database\\Query\\Builder.php(3230): Illuminate\\Database\\Query\\Builder->Illuminate\\Database\\Query\\{closure}()
#15 C:\\Users\\Артём Пазин\\Documents\\GitHub\\Kucher_site\\vendor\\laravel\\framework\\src\\Illuminate\\Database\\Query\\Builder.php(2693): Illuminate\\Database\\Query\\Builder->onceWithColumns()
#16 C:\\Users\\Артём Пазин\\Documents\\GitHub\\Kucher_site\\vendor\\laravel\\framework\\src\\Illuminate\\Database\\Eloquent\\Builder.php(710): Illuminate\\Database\\Query\\Builder->get()
#17 C:\\Users\\Артём Пазин\\Documents\\GitHub\\Kucher_site\\vendor\\laravel\\framework\\src\\Illuminate\\Database\\Eloquent\\Builder.php(694): Illuminate\\Database\\Eloquent\\Builder->getModels()
#18 C:\\Users\\Артём Пазин\\Documents\\GitHub\\Kucher_site\\vendor\\laravel\\framework\\src\\Illuminate\\Database\\Concerns\\BuildsQueries.php(296): Illuminate\\Database\\Eloquent\\Builder->get()
#19 C:\\Users\\Артём Пазин\\Documents\\GitHub\\Kucher_site\\vendor\\laravel\\framework\\src\\Illuminate\\Auth\\EloquentUserProvider.php(139): Illuminate\\Database\\Eloquent\\Builder->first()
#20 C:\\Users\\Артём Пазин\\Documents\\GitHub\\Kucher_site\\vendor\\laravel\\framework\\src\\Illuminate\\Auth\\SessionGuard.php(381): Illuminate\\Auth\\EloquentUserProvider->retrieveByCredentials()
#21 C:\\Users\\Артём Пазин\\Documents\\GitHub\\Kucher_site\\vendor\\laravel\\ui\\auth-backend\\AuthenticatesUsers.php(86): Illuminate\\Auth\\SessionGuard->attempt()
#22 C:\\Users\\Артём Пазин\\Documents\\GitHub\\Kucher_site\\vendor\\laravel\\ui\\auth-backend\\AuthenticatesUsers.php(46): App\\Http\\Controllers\\Auth\\LoginController->attemptLogin()
#23 C:\\Users\\Артём Пазин\\Documents\\GitHub\\Kucher_site\\vendor\\laravel\\framework\\src\\Illuminate\\Routing\\Controller.php(54): App\\Http\\Controllers\\Auth\\LoginController->login()
#24 C:\\Users\\Артём Пазин\\Documents\\GitHub\\Kucher_site\\vendor\\laravel\\framework\\src\\Illuminate\\Routing\\ControllerDispatcher.php(43): Illuminate\\Routing\\Controller->callAction()
#25 C:\\Users\\Артём Пазин\\Documents\\GitHub\\Kucher_site\\vendor\\laravel\\framework\\src\\Illuminate\\Routing\\Route.php(259): Illuminate\\Routing\\ControllerDispatcher->dispatch()
#26 C:\\Users\\Артём Пазин\\Documents\\GitHub\\Kucher_site\\vendor\\laravel\\framework\\src\\Illuminate\\Routing\\Route.php(205): Illuminate\\Routing\\Route->runController()
#27 C:\\Users\\Артём Пазин\\Documents\\GitHub\\Kucher_site\\vendor\\laravel\\framework\\src\\Illuminate\\Routing\\Router.php(798): Illuminate\\Routing\\Route->run()
#28 C:\\Users\\Артём Пазин\\Documents\\GitHub\\Kucher_site\\vendor\\laravel\\framework\\src\\Illuminate\\Pipeline\\Pipeline.php(141): Illuminate\\Routing\\Router->Illuminate\\Routing\\{closure}()
#29 C:\\Users\\Артём Пазин\\Documents\\GitHub\\Kucher_site\\app\\Http\\Middleware\\RedirectIfAuthenticated.php(30): Illuminate\\Pipeline\\Pipeline->Illuminate\\Pipeline\\{closure}()
#30 C:\\Users\\Артём Пазин\\Documents\\GitHub\\Kucher_site\\vendor\\laravel\\framework\\src\\Illuminate\\Pipeline\\Pipeline.php(180): App\\Http\\Middleware\\RedirectIfAuthenticated->handle()
#31 C:\\Users\\Артём Пазин\\Documents\\GitHub\\Kucher_site\\vendor\\laravel\\framework\\src\\Illuminate\\Routing\\Middleware\\SubstituteBindings.php(50): Illuminate\\Pipeline\\Pipeline->Illuminate\\Pipeline\\{closure}()
#32 C:\\Users\\Артём Пазин\\Documents\\GitHub\\Kucher_site\\vendor\\laravel\\framework\\src\\Illuminate\\Pipeline\\Pipeline.php(180): Illuminate\\Routing\\Middleware\\SubstituteBindings->handle()
#33 C:\\Users\\Артём Пазин\\Documents\\GitHub\\Kucher_site\\vendor\\laravel\\framework\\src\\Illuminate\\Foundation\\Http\\Middleware\\VerifyCsrfToken.php(78): Illuminate\\Pipeline\\Pipeline->Illuminate\\Pipeline\\{closure}()
#34 C:\\Users\\Артём Пазин\\Documents\\GitHub\\Kucher_site\\vendor\\laravel\\framework\\src\\Illuminate\\Pipeline\\Pipeline.php(180): Illuminate\\Foundation\\Http\\Middleware\\VerifyCsrfToken->handle()
#35 C:\\Users\\Артём Пазин\\Documents\\GitHub\\Kucher_site\\vendor\\laravel\\framework\\src\\Illuminate\\View\\Middleware\\ShareErrorsFromSession.php(49): Illuminate\\Pipeline\\Pipeline->Illuminate\\Pipeline\\{closure}()
#36 C:\\Users\\Артём Пазин\\Documents\\GitHub\\Kucher_site\\vendor\\laravel\\framework\\src\\Illuminate\\Pipeline\\Pipeline.php(180): Illuminate\\View\\Middleware\\ShareErrorsFromSession->handle()
#37 C:\\Users\\Артём Пазин\\Documents\\GitHub\\Kucher_site\\vendor\\laravel\\framework\\src\\Illuminate\\Session\\Middleware\\StartSession.php(121): Illuminate\\Pipeline\\Pipeline->Illuminate\\Pipeline\\{closure}()
#38 C:\\Users\\Артём Пазин\\Documents\\GitHub\\Kucher_site\\vendor\\laravel\\framework\\src\\Illuminate\\Session\\Middleware\\StartSession.php(64): Illuminate\\Session\\Middleware\\StartSession->handleStatefulRequest()
#39 C:\\Users\\Артём Пазин\\Documents\\GitHub\\Kucher_site\\vendor\\laravel\\framework\\src\\Illuminate\\Pipeline\\Pipeline.php(180): Illuminate\\Session\\Middleware\\StartSession->handle()
#40 C:\\Users\\Артём Пазин\\Documents\\GitHub\\Kucher_site\\vendor\\laravel\\framework\\src\\Illuminate\\Cookie\\Middleware\\AddQueuedCookiesToResponse.php(37): Illuminate\\Pipeline\\Pipeline->Illuminate\\Pipeline\\{closure}()
#41 C:\\Users\\Артём Пазин\\Documents\\GitHub\\Kucher_site\\vendor\\laravel\\framework\\src\\Illuminate\\Pipeline\\Pipeline.php(180): Illuminate\\Cookie\\Middleware\\AddQueuedCookiesToResponse->handle()
#42 C:\\Users\\Артём Пазин\\Documents\\GitHub\\Kucher_site\\vendor\\laravel\\framework\\src\\Illuminate\\Cookie\\Middleware\\EncryptCookies.php(67): Illuminate\\Pipeline\\Pipeline->Illuminate\\Pipeline\\{closure}()
#43 C:\\Users\\Артём Пазин\\Documents\\GitHub\\Kucher_site\\vendor\\laravel\\framework\\src\\Illuminate\\Pipeline\\Pipeline.php(180): Illuminate\\Cookie\\Middleware\\EncryptCookies->handle()
#44 C:\\Users\\Артём Пазин\\Documents\\GitHub\\Kucher_site\\vendor\\laravel\\framework\\src\\Illuminate\\Pipeline\\Pipeline.php(116): Illuminate\\Pipeline\\Pipeline->Illuminate\\Pipeline\\{closure}()
#45 C:\\Users\\Артём Пазин\\Documents\\GitHub\\Kucher_site\\vendor\\laravel\\framework\\src\\Illuminate\\Routing\\Router.php(797): Illuminate\\Pipeline\\Pipeline->then()
#46 C:\\Users\\Артём Пазин\\Documents\\GitHub\\Kucher_site\\vendor\\laravel\\framework\\src\\Illuminate\\Routing\\Router.php(776): Illuminate\\Routing\\Router->runRouteWithinStack()
#47 C:\\Users\\Артём Пазин\\Documents\\GitHub\\Kucher_site\\vendor\\laravel\\framework\\src\\Illuminate\\Routing\\Router.php(740): Illuminate\\Routing\\Router->runRoute()
#48 C:\\Users\\Артём Пазин\\Documents\\GitHub\\Kucher_site\\vendor\\laravel\\framework\\src\\Illuminate\\Routing\\Router.php(729): Illuminate\\Routing\\Router->dispatchToRoute()
#49 C:\\Users\\Артём Пазин\\Documents\\GitHub\\Kucher_site\\vendor\\laravel\\framework\\src\\Illuminate\\Foundation\\Http\\Kernel.php(190): Illuminate\\Routing\\Router->dispatch()
#50 C:\\Users\\Артём Пазин\\Documents\\GitHub\\Kucher_site\\vendor\\laravel\\framework\\src\\Illuminate\\Pipeline\\Pipeline.php(141): Illuminate\\Foundation\\Http\\Kernel->Illuminate\\Foundation\\Http\\{closure}()
#51 C:\\Users\\Артём Пазин\\Documents\\GitHub\\Kucher_site\\vendor\\laravel\\framework\\src\\Illuminate\\Foundation\\Http\\Middleware\\TransformsRequest.php(21): Illuminate\\Pipeline\\Pipeline->Illuminate\\Pipeline\\{closure}()
#52 C:\\Users\\Артём Пазин\\Documents\\GitHub\\Kucher_site\\vendor\\laravel\\framework\\src\\Illuminate\\Foundation\\Http\\Middleware\\ConvertEmptyStringsToNull.php(31): Illuminate\\Foundation\\Http\\Middleware\\TransformsRequest->handle()
#53 C:\\Users\\Артём Пазин\\Documents\\GitHub\\Kucher_site\\vendor\\laravel\\framework\\src\\Illuminate\\Pipeline\\Pipeline.php(180): Illuminate\\Foundation\\Http\\Middleware\\ConvertEmptyStringsToNull->handle()
#54 C:\\Users\\Артём Пазин\\Documents\\GitHub\\Kucher_site\\vendor\\laravel\\framework\\src\\Illuminate\\Foundation\\Http\\Middleware\\TransformsRequest.php(21): Illuminate\\Pipeline\\Pipeline->Illuminate\\Pipeline\\{closure}()
#55 C:\\Users\\Артём Пазин\\Documents\\GitHub\\Kucher_site\\vendor\\laravel\\framework\\src\\Illuminate\\Foundation\\Http\\Middleware\\TrimStrings.php(40): Illuminate\\Foundation\\Http\\Middleware\\TransformsRequest->handle()
#56 C:\\Users\\Артём Пазин\\Documents\\GitHub\\Kucher_site\\vendor\\laravel\\framework\\src\\Illuminate\\Pipeline\\Pipeline.php(180): Illuminate\\Foundation\\Http\\Middleware\\TrimStrings->handle()
#57 C:\\Users\\Артём Пазин\\Documents\\GitHub\\Kucher_site\\vendor\\laravel\\framework\\src\\Illuminate\\Foundation\\Http\\Middleware\\ValidatePostSize.php(27): Illuminate\\Pipeline\\Pipeline->Illuminate\\Pipeline\\{closure}()
#58 C:\\Users\\Артём Пазин\\Documents\\GitHub\\Kucher_site\\vendor\\laravel\\framework\\src\\Illuminate\\Pipeline\\Pipeline.php(180): Illuminate\\Foundation\\Http\\Middleware\\ValidatePostSize->handle()
#59 C:\\Users\\Артём Пазин\\Documents\\GitHub\\Kucher_site\\vendor\\laravel\\framework\\src\\Illuminate\\Foundation\\Http\\Middleware\\PreventRequestsDuringMaintenance.php(86): Illuminate\\Pipeline\\Pipeline->Illuminate\\Pipeline\\{closure}()
#60 C:\\Users\\Артём Пазин\\Documents\\GitHub\\Kucher_site\\vendor\\laravel\\framework\\src\\Illuminate\\Pipeline\\Pipeline.php(180): Illuminate\\Foundation\\Http\\Middleware\\PreventRequestsDuringMaintenance->handle()
#61 C:\\Users\\Артём Пазин\\Documents\\GitHub\\Kucher_site\\vendor\\laravel\\framework\\src\\Illuminate\\Http\\Middleware\\HandleCors.php(49): Illuminate\\Pipeline\\Pipeline->Illuminate\\Pipeline\\{closure}()
#62 C:\\Users\\Артём Пазин\\Documents\\GitHub\\Kucher_site\\vendor\\laravel\\framework\\src\\Illuminate\\Pipeline\\Pipeline.php(180): Illuminate\\Http\\Middleware\\HandleCors->handle()
#63 C:\\Users\\Артём Пазин\\Documents\\GitHub\\Kucher_site\\vendor\\laravel\\framework\\src\\Illuminate\\Http\\Middleware\\TrustProxies.php(39): Illuminate\\Pipeline\\Pipeline->Illuminate\\Pipeline\\{closure}()
#64 C:\\Users\\Артём Пазин\\Documents\\GitHub\\Kucher_site\\vendor\\laravel\\framework\\src\\Illuminate\\Pipeline\\Pipeline.php(180): Illuminate\\Http\\Middleware\\TrustProxies->handle()
#65 C:\\Users\\Артём Пазин\\Documents\\GitHub\\Kucher_site\\vendor\\laravel\\framework\\src\\Illuminate\\Pipeline\\Pipeline.php(116): Illuminate\\Pipeline\\Pipeline->Illuminate\\Pipeline\\{closure}()
#66 C:\\Users\\Артём Пазин\\Documents\\GitHub\\Kucher_site\\vendor\\laravel\\framework\\src\\Illuminate\\Foundation\\Http\\Kernel.php(165): Illuminate\\Pipeline\\Pipeline->then()
#67 C:\\Users\\Артём Пазин\\Documents\\GitHub\\Kucher_site\\vendor\\laravel\\framework\\src\\Illuminate\\Foundation\\Http\\Kernel.php(134): Illuminate\\Foundation\\Http\\Kernel->sendRequestThroughRouter()
#68 C:\\Users\\Артём Пазин\\Documents\\GitHub\\Kucher_site\\public\\index.php(51): Illuminate\\Foundation\\Http\\Kernel->handle()
#69 C:\\Users\\Артём Пазин\\Documents\\GitHub\\Kucher_site\\vendor\\laravel\\framework\\src\\Illuminate\\Foundation\\resources\\server.php(16): require_once('...')
#70 {main}
"} 
[2024-11-10 08:22:44] local.ERROR: SQLSTATE[HY000] [1044] Access denied for user 'gen_user'@'%' to database 'laravel_db' (SQL: select * from `users` where `email` = pazin-artem@mail.ru limit 1) {"exception":"[object] (Illuminate\\Database\\QueryException(code: 1044): SQLSTATE[HY000] [1044] Access denied for user 'gen_user'@'%' to database 'laravel_db' (SQL: select * from `users` where `email` = pazin-artem@mail.ru limit 1) at C:\\Users\\Артём Пазин\\Documents\\GitHub\\Kucher_site\\vendor\\laravel\\framework\\src\\Illuminate\\Database\\Connection.php:760)
[stacktrace]
#0 C:\\Users\\Артём Пазин\\Documents\\GitHub\\Kucher_site\\vendor\\laravel\\framework\\src\\Illuminate\\Database\\Connection.php(720): Illuminate\\Database\\Connection->runQueryCallback()
#1 C:\\Users\\Артём Пазин\\Documents\\GitHub\\Kucher_site\\vendor\\laravel\\framework\\src\\Illuminate\\Database\\Connection.php(405): Illuminate\\Database\\Connection->run()
#2 C:\\Users\\Артём Пазин\\Documents\\GitHub\\Kucher_site\\vendor\\laravel\\framework\\src\\Illuminate\\Database\\Query\\Builder.php(2705): Illuminate\\Database\\Connection->select()
#3 C:\\Users\\Артём Пазин\\Documents\\GitHub\\Kucher_site\\vendor\\laravel\\framework\\src\\Illuminate\\Database\\Query\\Builder.php(2694): Illuminate\\Database\\Query\\Builder->runSelect()
#4 C:\\Users\\Артём Пазин\\Documents\\GitHub\\Kucher_site\\vendor\\laravel\\framework\\src\\Illuminate\\Database\\Query\\Builder.php(3230): Illuminate\\Database\\Query\\Builder->Illuminate\\Database\\Query\\{closure}()
#5 C:\\Users\\Артём Пазин\\Documents\\GitHub\\Kucher_site\\vendor\\laravel\\framework\\src\\Illuminate\\Database\\Query\\Builder.php(2693): Illuminate\\Database\\Query\\Builder->onceWithColumns()
#6 C:\\Users\\Артём Пазин\\Documents\\GitHub\\Kucher_site\\vendor\\laravel\\framework\\src\\Illuminate\\Database\\Eloquent\\Builder.php(710): Illuminate\\Database\\Query\\Builder->get()
#7 C:\\Users\\Артём Пазин\\Documents\\GitHub\\Kucher_site\\vendor\\laravel\\framework\\src\\Illuminate\\Database\\Eloquent\\Builder.php(694): Illuminate\\Database\\Eloquent\\Builder->getModels()
#8 C:\\Users\\Артём Пазин\\Documents\\GitHub\\Kucher_site\\vendor\\laravel\\framework\\src\\Illuminate\\Database\\Concerns\\BuildsQueries.php(296): Illuminate\\Database\\Eloquent\\Builder->get()
#9 C:\\Users\\Артём Пазин\\Documents\\GitHub\\Kucher_site\\vendor\\laravel\\framework\\src\\Illuminate\\Auth\\EloquentUserProvider.php(139): Illuminate\\Database\\Eloquent\\Builder->first()
#10 C:\\Users\\Артём Пазин\\Documents\\GitHub\\Kucher_site\\vendor\\laravel\\framework\\src\\Illuminate\\Auth\\SessionGuard.php(381): Illuminate\\Auth\\EloquentUserProvider->retrieveByCredentials()
#11 C:\\Users\\Артём Пазин\\Documents\\GitHub\\Kucher_site\\vendor\\laravel\\ui\\auth-backend\\AuthenticatesUsers.php(86): Illuminate\\Auth\\SessionGuard->attempt()
#12 C:\\Users\\Артём Пазин\\Documents\\GitHub\\Kucher_site\\vendor\\laravel\\ui\\auth-backend\\AuthenticatesUsers.php(46): App\\Http\\Controllers\\Auth\\LoginController->attemptLogin()
#13 C:\\Users\\Артём Пазин\\Documents\\GitHub\\Kucher_site\\vendor\\laravel\\framework\\src\\Illuminate\\Routing\\Controller.php(54): App\\Http\\Controllers\\Auth\\LoginController->login()
#14 C:\\Users\\Артём Пазин\\Documents\\GitHub\\Kucher_site\\vendor\\laravel\\framework\\src\\Illuminate\\Routing\\ControllerDispatcher.php(43): Illuminate\\Routing\\Controller->callAction()
#15 C:\\Users\\Артём Пазин\\Documents\\GitHub\\Kucher_site\\vendor\\laravel\\framework\\src\\Illuminate\\Routing\\Route.php(259): Illuminate\\Routing\\ControllerDispatcher->dispatch()
#16 C:\\Users\\Артём Пазин\\Documents\\GitHub\\Kucher_site\\vendor\\laravel\\framework\\src\\Illuminate\\Routing\\Route.php(205): Illuminate\\Routing\\Route->runController()
#17 C:\\Users\\Артём Пазин\\Documents\\GitHub\\Kucher_site\\vendor\\laravel\\framework\\src\\Illuminate\\Routing\\Router.php(798): Illuminate\\Routing\\Route->run()
#18 C:\\Users\\Артём Пазин\\Documents\\GitHub\\Kucher_site\\vendor\\laravel\\framework\\src\\Illuminate\\Pipeline\\Pipeline.php(141): Illuminate\\Routing\\Router->Illuminate\\Routing\\{closure}()
#19 C:\\Users\\Артём Пазин\\Documents\\GitHub\\Kucher_site\\app\\Http\\Middleware\\RedirectIfAuthenticated.php(30): Illuminate\\Pipeline\\Pipeline->Illuminate\\Pipeline\\{closure}()
#20 C:\\Users\\Артём Пазин\\Documents\\GitHub\\Kucher_site\\vendor\\laravel\\framework\\src\\Illuminate\\Pipeline\\Pipeline.php(180): App\\Http\\Middleware\\RedirectIfAuthenticated->handle()
#21 C:\\Users\\Артём Пазин\\Documents\\GitHub\\Kucher_site\\vendor\\laravel\\framework\\src\\Illuminate\\Routing\\Middleware\\SubstituteBindings.php(50): Illuminate\\Pipeline\\Pipeline->Illuminate\\Pipeline\\{closure}()
#22 C:\\Users\\Артём Пазин\\Documents\\GitHub\\Kucher_site\\vendor\\laravel\\framework\\src\\Illuminate\\Pipeline\\Pipeline.php(180): Illuminate\\Routing\\Middleware\\SubstituteBindings->handle()
#23 C:\\Users\\Артём Пазин\\Documents\\GitHub\\Kucher_site\\vendor\\laravel\\framework\\src\\Illuminate\\Foundation\\Http\\Middleware\\VerifyCsrfToken.php(78): Illuminate\\Pipeline\\Pipeline->Illuminate\\Pipeline\\{closure}()
#24 C:\\Users\\Артём Пазин\\Documents\\GitHub\\Kucher_site\\vendor\\laravel\\framework\\src\\Illuminate\\Pipeline\\Pipeline.php(180): Illuminate\\Foundation\\Http\\Middleware\\VerifyCsrfToken->handle()
#25 C:\\Users\\Артём Пазин\\Documents\\GitHub\\Kucher_site\\vendor\\laravel\\framework\\src\\Illuminate\\View\\Middleware\\ShareErrorsFromSession.php(49): Illuminate\\Pipeline\\Pipeline->Illuminate\\Pipeline\\{closure}()
#26 C:\\Users\\Артём Пазин\\Documents\\GitHub\\Kucher_site\\vendor\\laravel\\framework\\src\\Illuminate\\Pipeline\\Pipeline.php(180): Illuminate\\View\\Middleware\\ShareErrorsFromSession->handle()
#27 C:\\Users\\Артём Пазин\\Documents\\GitHub\\Kucher_site\\vendor\\laravel\\framework\\src\\Illuminate\\Session\\Middleware\\StartSession.php(121): Illuminate\\Pipeline\\Pipeline->Illuminate\\Pipeline\\{closure}()
#28 C:\\Users\\Артём Пазин\\Documents\\GitHub\\Kucher_site\\vendor\\laravel\\framework\\src\\Illuminate\\Session\\Middleware\\StartSession.php(64): Illuminate\\Session\\Middleware\\StartSession->handleStatefulRequest()
#29 C:\\Users\\Артём Пазин\\Documents\\GitHub\\Kucher_site\\vendor\\laravel\\framework\\src\\Illuminate\\Pipeline\\Pipeline.php(180): Illuminate\\Session\\Middleware\\StartSession->handle()
#30 C:\\Users\\Артём Пазин\\Documents\\GitHub\\Kucher_site\\vendor\\laravel\\framework\\src\\Illuminate\\Cookie\\Middleware\\AddQueuedCookiesToResponse.php(37): Illuminate\\Pipeline\\Pipeline->Illuminate\\Pipeline\\{closure}()
#31 C:\\Users\\Артём Пазин\\Documents\\GitHub\\Kucher_site\\vendor\\laravel\\framework\\src\\Illuminate\\Pipeline\\Pipeline.php(180): Illuminate\\Cookie\\Middleware\\AddQueuedCookiesToResponse->handle()
#32 C:\\Users\\Артём Пазин\\Documents\\GitHub\\Kucher_site\\vendor\\laravel\\framework\\src\\Illuminate\\Cookie\\Middleware\\EncryptCookies.php(67): Illuminate\\Pipeline\\Pipeline->Illuminate\\Pipeline\\{closure}()
#33 C:\\Users\\Артём Пазин\\Documents\\GitHub\\Kucher_site\\vendor\\laravel\\framework\\src\\Illuminate\\Pipeline\\Pipeline.php(180): Illuminate\\Cookie\\Middleware\\EncryptCookies->handle()
#34 C:\\Users\\Артём Пазин\\Documents\\GitHub\\Kucher_site\\vendor\\laravel\\framework\\src\\Illuminate\\Pipeline\\Pipeline.php(116): Illuminate\\Pipeline\\Pipeline->Illuminate\\Pipeline\\{closure}()
#35 C:\\Users\\Артём Пазин\\Documents\\GitHub\\Kucher_site\\vendor\\laravel\\framework\\src\\Illuminate\\Routing\\Router.php(797): Illuminate\\Pipeline\\Pipeline->then()
#36 C:\\Users\\Артём Пазин\\Documents\\GitHub\\Kucher_site\\vendor\\laravel\\framework\\src\\Illuminate\\Routing\\Router.php(776): Illuminate\\Routing\\Router->runRouteWithinStack()
#37 C:\\Users\\Артём Пазин\\Documents\\GitHub\\Kucher_site\\vendor\\laravel\\framework\\src\\Illuminate\\Routing\\Router.php(740): Illuminate\\Routing\\Router->runRoute()
#38 C:\\Users\\Артём Пазин\\Documents\\GitHub\\Kucher_site\\vendor\\laravel\\framework\\src\\Illuminate\\Routing\\Router.php(729): Illuminate\\Routing\\Router->dispatchToRoute()
#39 C:\\Users\\Артём Пазин\\Documents\\GitHub\\Kucher_site\\vendor\\laravel\\framework\\src\\Illuminate\\Foundation\\Http\\Kernel.php(190): Illuminate\\Routing\\Router->dispatch()
#40 C:\\Users\\Артём Пазин\\Documents\\GitHub\\Kucher_site\\vendor\\laravel\\framework\\src\\Illuminate\\Pipeline\\Pipeline.php(141): Illuminate\\Foundation\\Http\\Kernel->Illuminate\\Foundation\\Http\\{closure}()
#41 C:\\Users\\Артём Пазин\\Documents\\GitHub\\Kucher_site\\vendor\\laravel\\framework\\src\\Illuminate\\Foundation\\Http\\Middleware\\TransformsRequest.php(21): Illuminate\\Pipeline\\Pipeline->Illuminate\\Pipeline\\{closure}()
#42 C:\\Users\\Артём Пазин\\Documents\\GitHub\\Kucher_site\\vendor\\laravel\\framework\\src\\Illuminate\\Foundation\\Http\\Middleware\\ConvertEmptyStringsToNull.php(31): Illuminate\\Foundation\\Http\\Middleware\\TransformsRequest->handle()
#43 C:\\Users\\Артём Пазин\\Documents\\GitHub\\Kucher_site\\vendor\\laravel\\framework\\src\\Illuminate\\Pipeline\\Pipeline.php(180): Illuminate\\Foundation\\Http\\Middleware\\ConvertEmptyStringsToNull->handle()
#44 C:\\Users\\Артём Пазин\\Documents\\GitHub\\Kucher_site\\vendor\\laravel\\framework\\src\\Illuminate\\Foundation\\Http\\Middleware\\TransformsRequest.php(21): Illuminate\\Pipeline\\Pipeline->Illuminate\\Pipeline\\{closure}()
#45 C:\\Users\\Артём Пазин\\Documents\\GitHub\\Kucher_site\\vendor\\laravel\\framework\\src\\Illuminate\\Foundation\\Http\\Middleware\\TrimStrings.php(40): Illuminate\\Foundation\\Http\\Middleware\\TransformsRequest->handle()
#46 C:\\Users\\Артём Пазин\\Documents\\GitHub\\Kucher_site\\vendor\\laravel\\framework\\src\\Illuminate\\Pipeline\\Pipeline.php(180): Illuminate\\Foundation\\Http\\Middleware\\TrimStrings->handle()
#47 C:\\Users\\Артём Пазин\\Documents\\GitHub\\Kucher_site\\vendor\\laravel\\framework\\src\\Illuminate\\Foundation\\Http\\Middleware\\ValidatePostSize.php(27): Illuminate\\Pipeline\\Pipeline->Illuminate\\Pipeline\\{closure}()
#48 C:\\Users\\Артём Пазин\\Documents\\GitHub\\Kucher_site\\vendor\\laravel\\framework\\src\\Illuminate\\Pipeline\\Pipeline.php(180): Illuminate\\Foundation\\Http\\Middleware\\ValidatePostSize->handle()
#49 C:\\Users\\Артём Пазин\\Documents\\GitHub\\Kucher_site\\vendor\\laravel\\framework\\src\\Illuminate\\Foundation\\Http\\Middleware\\PreventRequestsDuringMaintenance.php(86): Illuminate\\Pipeline\\Pipeline->Illuminate\\Pipeline\\{closure}()
#50 C:\\Users\\Артём Пазин\\Documents\\GitHub\\Kucher_site\\vendor\\laravel\\framework\\src\\Illuminate\\Pipeline\\Pipeline.php(180): Illuminate\\Foundation\\Http\\Middleware\\PreventRequestsDuringMaintenance->handle()
#51 C:\\Users\\Артём Пазин\\Documents\\GitHub\\Kucher_site\\vendor\\laravel\\framework\\src\\Illuminate\\Http\\Middleware\\HandleCors.php(49): Illuminate\\Pipeline\\Pipeline->Illuminate\\Pipeline\\{closure}()
#52 C:\\Users\\Артём Пазин\\Documents\\GitHub\\Kucher_site\\vendor\\laravel\\framework\\src\\Illuminate\\Pipeline\\Pipeline.php(180): Illuminate\\Http\\Middleware\\HandleCors->handle()
#53 C:\\Users\\Артём Пазин\\Documents\\GitHub\\Kucher_site\\vendor\\laravel\\framework\\src\\Illuminate\\Http\\Middleware\\TrustProxies.php(39): Illuminate\\Pipeline\\Pipeline->Illuminate\\Pipeline\\{closure}()
#54 C:\\Users\\Артём Пазин\\Documents\\GitHub\\Kucher_site\\vendor\\laravel\\framework\\src\\Illuminate\\Pipeline\\Pipeline.php(180): Illuminate\\Http\\Middleware\\TrustProxies->handle()
#55 C:\\Users\\Артём Пазин\\Documents\\GitHub\\Kucher_site\\vendor\\laravel\\framework\\src\\Illuminate\\Pipeline\\Pipeline.php(116): Illuminate\\Pipeline\\Pipeline->Illuminate\\Pipeline\\{closure}()
#56 C:\\Users\\Артём Пазин\\Documents\\GitHub\\Kucher_site\\vendor\\laravel\\framework\\src\\Illuminate\\Foundation\\Http\\Kernel.php(165): Illuminate\\Pipeline\\Pipeline->then()
#57 C:\\Users\\Артём Пазин\\Documents\\GitHub\\Kucher_site\\vendor\\laravel\\framework\\src\\Illuminate\\Foundation\\Http\\Kernel.php(134): Illuminate\\Foundation\\Http\\Kernel->sendRequestThroughRouter()
#58 C:\\Users\\Артём Пазин\\Documents\\GitHub\\Kucher_site\\public\\index.php(51): Illuminate\\Foundation\\Http\\Kernel->handle()
#59 C:\\Users\\Артём Пазин\\Documents\\GitHub\\Kucher_site\\vendor\\laravel\\framework\\src\\Illuminate\\Foundation\\resources\\server.php(16): require_once('...')
#60 {main}

[previous exception] [object] (PDOException(code: 1044): SQLSTATE[HY000] [1044] Access denied for user 'gen_user'@'%' to database 'laravel_db' at C:\\Users\\Артём Пазин\\Documents\\GitHub\\Kucher_site\\vendor\\laravel\\framework\\src\\Illuminate\\Database\\Connectors\\Connector.php:70)
[stacktrace]
#0 C:\\Users\\Артём Пазин\\Documents\\GitHub\\Kucher_site\\vendor\\laravel\\framework\\src\\Illuminate\\Database\\Connectors\\Connector.php(70): PDO->__construct()
#1 C:\\Users\\Артём Пазин\\Documents\\GitHub\\Kucher_site\\vendor\\laravel\\framework\\src\\Illuminate\\Database\\Connectors\\Connector.php(45): Illuminate\\Database\\Connectors\\Connector->createPdoConnection()
#2 C:\\Users\\Артём Пазин\\Documents\\GitHub\\Kucher_site\\vendor\\laravel\\framework\\src\\Illuminate\\Database\\Connectors\\MySqlConnector.php(24): Illuminate\\Database\\Connectors\\Connector->createConnection()
#3 C:\\Users\\Артём Пазин\\Documents\\GitHub\\Kucher_site\\vendor\\laravel\\framework\\src\\Illuminate\\Database\\Connectors\\ConnectionFactory.php(184): Illuminate\\Database\\Connectors\\MySqlConnector->connect()
#4 [internal function]: Illuminate\\Database\\Connectors\\ConnectionFactory->Illuminate\\Database\\Connectors\\{closure}()
#5 C:\\Users\\Артём Пазин\\Documents\\GitHub\\Kucher_site\\vendor\\laravel\\framework\\src\\Illuminate\\Database\\Connection.php(1181): call_user_func()
#6 C:\\Users\\Артём Пазин\\Documents\\GitHub\\Kucher_site\\vendor\\laravel\\framework\\src\\Illuminate\\Database\\Connection.php(1217): Illuminate\\Database\\Connection->getPdo()
#7 C:\\Users\\Артём Пазин\\Documents\\GitHub\\Kucher_site\\vendor\\laravel\\framework\\src\\Illuminate\\Database\\Connection.php(486): Illuminate\\Database\\Connection->getReadPdo()
#8 C:\\Users\\Артём Пазин\\Documents\\GitHub\\Kucher_site\\vendor\\laravel\\framework\\src\\Illuminate\\Database\\Connection.php(414): Illuminate\\Database\\Connection->getPdoForSelect()
#9 C:\\Users\\Артём Пазин\\Documents\\GitHub\\Kucher_site\\vendor\\laravel\\framework\\src\\Illuminate\\Database\\Connection.php(753): Illuminate\\Database\\Connection->Illuminate\\Database\\{closure}()
#10 C:\\Users\\Артём Пазин\\Documents\\GitHub\\Kucher_site\\vendor\\laravel\\framework\\src\\Illuminate\\Database\\Connection.php(720): Illuminate\\Database\\Connection->runQueryCallback()
#11 C:\\Users\\Артём Пазин\\Documents\\GitHub\\Kucher_site\\vendor\\laravel\\framework\\src\\Illuminate\\Database\\Connection.php(405): Illuminate\\Database\\Connection->run()
#12 C:\\Users\\Артём Пазин\\Documents\\GitHub\\Kucher_site\\vendor\\laravel\\framework\\src\\Illuminate\\Database\\Query\\Builder.php(2705): Illuminate\\Database\\Connection->select()
#13 C:\\Users\\Артём Пазин\\Documents\\GitHub\\Kucher_site\\vendor\\laravel\\framework\\src\\Illuminate\\Database\\Query\\Builder.php(2694): Illuminate\\Database\\Query\\Builder->runSelect()
#14 C:\\Users\\Артём Пазин\\Documents\\GitHub\\Kucher_site\\vendor\\laravel\\framework\\src\\Illuminate\\Database\\Query\\Builder.php(3230): Illuminate\\Database\\Query\\Builder->Illuminate\\Database\\Query\\{closure}()
#15 C:\\Users\\Артём Пазин\\Documents\\GitHub\\Kucher_site\\vendor\\laravel\\framework\\src\\Illuminate\\Database\\Query\\Builder.php(2693): Illuminate\\Database\\Query\\Builder->onceWithColumns()
#16 C:\\Users\\Артём Пазин\\Documents\\GitHub\\Kucher_site\\vendor\\laravel\\framework\\src\\Illuminate\\Database\\Eloquent\\Builder.php(710): Illuminate\\Database\\Query\\Builder->get()
#17 C:\\Users\\Артём Пазин\\Documents\\GitHub\\Kucher_site\\vendor\\laravel\\framework\\src\\Illuminate\\Database\\Eloquent\\Builder.php(694): Illuminate\\Database\\Eloquent\\Builder->getModels()
#18 C:\\Users\\Артём Пазин\\Documents\\GitHub\\Kucher_site\\vendor\\laravel\\framework\\src\\Illuminate\\Database\\Concerns\\BuildsQueries.php(296): Illuminate\\Database\\Eloquent\\Builder->get()
#19 C:\\Users\\Артём Пазин\\Documents\\GitHub\\Kucher_site\\vendor\\laravel\\framework\\src\\Illuminate\\Auth\\EloquentUserProvider.php(139): Illuminate\\Database\\Eloquent\\Builder->first()
#20 C:\\Users\\Артём Пазин\\Documents\\GitHub\\Kucher_site\\vendor\\laravel\\framework\\src\\Illuminate\\Auth\\SessionGuard.php(381): Illuminate\\Auth\\EloquentUserProvider->retrieveByCredentials()
#21 C:\\Users\\Артём Пазин\\Documents\\GitHub\\Kucher_site\\vendor\\laravel\\ui\\auth-backend\\AuthenticatesUsers.php(86): Illuminate\\Auth\\SessionGuard->attempt()
#22 C:\\Users\\Артём Пазин\\Documents\\GitHub\\Kucher_site\\vendor\\laravel\\ui\\auth-backend\\AuthenticatesUsers.php(46): App\\Http\\Controllers\\Auth\\LoginController->attemptLogin()
#23 C:\\Users\\Артём Пазин\\Documents\\GitHub\\Kucher_site\\vendor\\laravel\\framework\\src\\Illuminate\\Routing\\Controller.php(54): App\\Http\\Controllers\\Auth\\LoginController->login()
#24 C:\\Users\\Артём Пазин\\Documents\\GitHub\\Kucher_site\\vendor\\laravel\\framework\\src\\Illuminate\\Routing\\ControllerDispatcher.php(43): Illuminate\\Routing\\Controller->callAction()
#25 C:\\Users\\Артём Пазин\\Documents\\GitHub\\Kucher_site\\vendor\\laravel\\framework\\src\\Illuminate\\Routing\\Route.php(259): Illuminate\\Routing\\ControllerDispatcher->dispatch()
#26 C:\\Users\\Артём Пазин\\Documents\\GitHub\\Kucher_site\\vendor\\laravel\\framework\\src\\Illuminate\\Routing\\Route.php(205): Illuminate\\Routing\\Route->runController()
#27 C:\\Users\\Артём Пазин\\Documents\\GitHub\\Kucher_site\\vendor\\laravel\\framework\\src\\Illuminate\\Routing\\Router.php(798): Illuminate\\Routing\\Route->run()
#28 C:\\Users\\Артём Пазин\\Documents\\GitHub\\Kucher_site\\vendor\\laravel\\framework\\src\\Illuminate\\Pipeline\\Pipeline.php(141): Illuminate\\Routing\\Router->Illuminate\\Routing\\{closure}()
#29 C:\\Users\\Артём Пазин\\Documents\\GitHub\\Kucher_site\\app\\Http\\Middleware\\RedirectIfAuthenticated.php(30): Illuminate\\Pipeline\\Pipeline->Illuminate\\Pipeline\\{closure}()
#30 C:\\Users\\Артём Пазин\\Documents\\GitHub\\Kucher_site\\vendor\\laravel\\framework\\src\\Illuminate\\Pipeline\\Pipeline.php(180): App\\Http\\Middleware\\RedirectIfAuthenticated->handle()
#31 C:\\Users\\Артём Пазин\\Documents\\GitHub\\Kucher_site\\vendor\\laravel\\framework\\src\\Illuminate\\Routing\\Middleware\\SubstituteBindings.php(50): Illuminate\\Pipeline\\Pipeline->Illuminate\\Pipeline\\{closure}()
#32 C:\\Users\\Артём Пазин\\Documents\\GitHub\\Kucher_site\\vendor\\laravel\\framework\\src\\Illuminate\\Pipeline\\Pipeline.php(180): Illuminate\\Routing\\Middleware\\SubstituteBindings->handle()
#33 C:\\Users\\Артём Пазин\\Documents\\GitHub\\Kucher_site\\vendor\\laravel\\framework\\src\\Illuminate\\Foundation\\Http\\Middleware\\VerifyCsrfToken.php(78): Illuminate\\Pipeline\\Pipeline->Illuminate\\Pipeline\\{closure}()
#34 C:\\Users\\Артём Пазин\\Documents\\GitHub\\Kucher_site\\vendor\\laravel\\framework\\src\\Illuminate\\Pipeline\\Pipeline.php(180): Illuminate\\Foundation\\Http\\Middleware\\VerifyCsrfToken->handle()
#35 C:\\Users\\Артём Пазин\\Documents\\GitHub\\Kucher_site\\vendor\\laravel\\framework\\src\\Illuminate\\View\\Middleware\\ShareErrorsFromSession.php(49): Illuminate\\Pipeline\\Pipeline->Illuminate\\Pipeline\\{closure}()
#36 C:\\Users\\Артём Пазин\\Documents\\GitHub\\Kucher_site\\vendor\\laravel\\framework\\src\\Illuminate\\Pipeline\\Pipeline.php(180): Illuminate\\View\\Middleware\\ShareErrorsFromSession->handle()
#37 C:\\Users\\Артём Пазин\\Documents\\GitHub\\Kucher_site\\vendor\\laravel\\framework\\src\\Illuminate\\Session\\Middleware\\StartSession.php(121): Illuminate\\Pipeline\\Pipeline->Illuminate\\Pipeline\\{closure}()
#38 C:\\Users\\Артём Пазин\\Documents\\GitHub\\Kucher_site\\vendor\\laravel\\framework\\src\\Illuminate\\Session\\Middleware\\StartSession.php(64): Illuminate\\Session\\Middleware\\StartSession->handleStatefulRequest()
#39 C:\\Users\\Артём Пазин\\Documents\\GitHub\\Kucher_site\\vendor\\laravel\\framework\\src\\Illuminate\\Pipeline\\Pipeline.php(180): Illuminate\\Session\\Middleware\\StartSession->handle()
#40 C:\\Users\\Артём Пазин\\Documents\\GitHub\\Kucher_site\\vendor\\laravel\\framework\\src\\Illuminate\\Cookie\\Middleware\\AddQueuedCookiesToResponse.php(37): Illuminate\\Pipeline\\Pipeline->Illuminate\\Pipeline\\{closure}()
#41 C:\\Users\\Артём Пазин\\Documents\\GitHub\\Kucher_site\\vendor\\laravel\\framework\\src\\Illuminate\\Pipeline\\Pipeline.php(180): Illuminate\\Cookie\\Middleware\\AddQueuedCookiesToResponse->handle()
#42 C:\\Users\\Артём Пазин\\Documents\\GitHub\\Kucher_site\\vendor\\laravel\\framework\\src\\Illuminate\\Cookie\\Middleware\\EncryptCookies.php(67): Illuminate\\Pipeline\\Pipeline->Illuminate\\Pipeline\\{closure}()
#43 C:\\Users\\Артём Пазин\\Documents\\GitHub\\Kucher_site\\vendor\\laravel\\framework\\src\\Illuminate\\Pipeline\\Pipeline.php(180): Illuminate\\Cookie\\Middleware\\EncryptCookies->handle()
#44 C:\\Users\\Артём Пазин\\Documents\\GitHub\\Kucher_site\\vendor\\laravel\\framework\\src\\Illuminate\\Pipeline\\Pipeline.php(116): Illuminate\\Pipeline\\Pipeline->Illuminate\\Pipeline\\{closure}()
#45 C:\\Users\\Артём Пазин\\Documents\\GitHub\\Kucher_site\\vendor\\laravel\\framework\\src\\Illuminate\\Routing\\Router.php(797): Illuminate\\Pipeline\\Pipeline->then()
#46 C:\\Users\\Артём Пазин\\Documents\\GitHub\\Kucher_site\\vendor\\laravel\\framework\\src\\Illuminate\\Routing\\Router.php(776): Illuminate\\Routing\\Router->runRouteWithinStack()
#47 C:\\Users\\Артём Пазин\\Documents\\GitHub\\Kucher_site\\vendor\\laravel\\framework\\src\\Illuminate\\Routing\\Router.php(740): Illuminate\\Routing\\Router->runRoute()
#48 C:\\Users\\Артём Пазин\\Documents\\GitHub\\Kucher_site\\vendor\\laravel\\framework\\src\\Illuminate\\Routing\\Router.php(729): Illuminate\\Routing\\Router->dispatchToRoute()
#49 C:\\Users\\Артём Пазин\\Documents\\GitHub\\Kucher_site\\vendor\\laravel\\framework\\src\\Illuminate\\Foundation\\Http\\Kernel.php(190): Illuminate\\Routing\\Router->dispatch()
#50 C:\\Users\\Артём Пазин\\Documents\\GitHub\\Kucher_site\\vendor\\laravel\\framework\\src\\Illuminate\\Pipeline\\Pipeline.php(141): Illuminate\\Foundation\\Http\\Kernel->Illuminate\\Foundation\\Http\\{closure}()
#51 C:\\Users\\Артём Пазин\\Documents\\GitHub\\Kucher_site\\vendor\\laravel\\framework\\src\\Illuminate\\Foundation\\Http\\Middleware\\TransformsRequest.php(21): Illuminate\\Pipeline\\Pipeline->Illuminate\\Pipeline\\{closure}()
#52 C:\\Users\\Артём Пазин\\Documents\\GitHub\\Kucher_site\\vendor\\laravel\\framework\\src\\Illuminate\\Foundation\\Http\\Middleware\\ConvertEmptyStringsToNull.php(31): Illuminate\\Foundation\\Http\\Middleware\\TransformsRequest->handle()
#53 C:\\Users\\Артём Пазин\\Documents\\GitHub\\Kucher_site\\vendor\\laravel\\framework\\src\\Illuminate\\Pipeline\\Pipeline.php(180): Illuminate\\Foundation\\Http\\Middleware\\ConvertEmptyStringsToNull->handle()
#54 C:\\Users\\Артём Пазин\\Documents\\GitHub\\Kucher_site\\vendor\\laravel\\framework\\src\\Illuminate\\Foundation\\Http\\Middleware\\TransformsRequest.php(21): Illuminate\\Pipeline\\Pipeline->Illuminate\\Pipeline\\{closure}()
#55 C:\\Users\\Артём Пазин\\Documents\\GitHub\\Kucher_site\\vendor\\laravel\\framework\\src\\Illuminate\\Foundation\\Http\\Middleware\\TrimStrings.php(40): Illuminate\\Foundation\\Http\\Middleware\\TransformsRequest->handle()
#56 C:\\Users\\Артём Пазин\\Documents\\GitHub\\Kucher_site\\vendor\\laravel\\framework\\src\\Illuminate\\Pipeline\\Pipeline.php(180): Illuminate\\Foundation\\Http\\Middleware\\TrimStrings->handle()
#57 C:\\Users\\Артём Пазин\\Documents\\GitHub\\Kucher_site\\vendor\\laravel\\framework\\src\\Illuminate\\Foundation\\Http\\Middleware\\ValidatePostSize.php(27): Illuminate\\Pipeline\\Pipeline->Illuminate\\Pipeline\\{closure}()
#58 C:\\Users\\Артём Пазин\\Documents\\GitHub\\Kucher_site\\vendor\\laravel\\framework\\src\\Illuminate\\Pipeline\\Pipeline.php(180): Illuminate\\Foundation\\Http\\Middleware\\ValidatePostSize->handle()
#59 C:\\Users\\Артём Пазин\\Documents\\GitHub\\Kucher_site\\vendor\\laravel\\framework\\src\\Illuminate\\Foundation\\Http\\Middleware\\PreventRequestsDuringMaintenance.php(86): Illuminate\\Pipeline\\Pipeline->Illuminate\\Pipeline\\{closure}()
#60 C:\\Users\\Артём Пазин\\Documents\\GitHub\\Kucher_site\\vendor\\laravel\\framework\\src\\Illuminate\\Pipeline\\Pipeline.php(180): Illuminate\\Foundation\\Http\\Middleware\\PreventRequestsDuringMaintenance->handle()
#61 C:\\Users\\Артём Пазин\\Documents\\GitHub\\Kucher_site\\vendor\\laravel\\framework\\src\\Illuminate\\Http\\Middleware\\HandleCors.php(49): Illuminate\\Pipeline\\Pipeline->Illuminate\\Pipeline\\{closure}()
#62 C:\\Users\\Артём Пазин\\Documents\\GitHub\\Kucher_site\\vendor\\laravel\\framework\\src\\Illuminate\\Pipeline\\Pipeline.php(180): Illuminate\\Http\\Middleware\\HandleCors->handle()
#63 C:\\Users\\Артём Пазин\\Documents\\GitHub\\Kucher_site\\vendor\\laravel\\framework\\src\\Illuminate\\Http\\Middleware\\TrustProxies.php(39): Illuminate\\Pipeline\\Pipeline->Illuminate\\Pipeline\\{closure}()
#64 C:\\Users\\Артём Пазин\\Documents\\GitHub\\Kucher_site\\vendor\\laravel\\framework\\src\\Illuminate\\Pipeline\\Pipeline.php(180): Illuminate\\Http\\Middleware\\TrustProxies->handle()
#65 C:\\Users\\Артём Пазин\\Documents\\GitHub\\Kucher_site\\vendor\\laravel\\framework\\src\\Illuminate\\Pipeline\\Pipeline.php(116): Illuminate\\Pipeline\\Pipeline->Illuminate\\Pipeline\\{closure}()
#66 C:\\Users\\Артём Пазин\\Documents\\GitHub\\Kucher_site\\vendor\\laravel\\framework\\src\\Illuminate\\Foundation\\Http\\Kernel.php(165): Illuminate\\Pipeline\\Pipeline->then()
#67 C:\\Users\\Артём Пазин\\Documents\\GitHub\\Kucher_site\\vendor\\laravel\\framework\\src\\Illuminate\\Foundation\\Http\\Kernel.php(134): Illuminate\\Foundation\\Http\\Kernel->sendRequestThroughRouter()
#68 C:\\Users\\Артём Пазин\\Documents\\GitHub\\Kucher_site\\public\\index.php(51): Illuminate\\Foundation\\Http\\Kernel->handle()
#69 C:\\Users\\Артём Пазин\\Documents\\GitHub\\Kucher_site\\vendor\\laravel\\framework\\src\\Illuminate\\Foundation\\resources\\server.php(16): require_once('...')
#70 {main}
"} 
[2024-11-10 10:01:26] local.ERROR: file_get_contents(C:\Users\Артём Пазин\Documents\GitHub\Kucher_site\composer.json): Failed to open stream: No such file or directory {"exception":"[object] (ErrorException(code: 0): file_get_contents(C:\\Users\\Артём Пазин\\Documents\\GitHub\\Kucher_site\\composer.json): Failed to open stream: No such file or directory at C:\\Users\\Артём Пазин\\Documents\\GitHub\\Kucher_site\\vendor\\laravel\\framework\\src\\Illuminate\\Foundation\\Application.php:1415)
[stacktrace]
#0 C:\\Users\\Артём Пазин\\Documents\\GitHub\\Kucher_site\\vendor\\laravel\\framework\\src\\Illuminate\\Foundation\\Bootstrap\\HandleExceptions.php(270): Illuminate\\Foundation\\Bootstrap\\HandleExceptions->handleError()
#1 [internal function]: Illuminate\\Foundation\\Bootstrap\\HandleExceptions->Illuminate\\Foundation\\Bootstrap\\{closure}()
#2 C:\\Users\\Артём Пазин\\Documents\\GitHub\\Kucher_site\\vendor\\laravel\\framework\\src\\Illuminate\\Foundation\\Application.php(1415): file_get_contents()
#3 C:\\Users\\Артём Пазин\\Documents\\GitHub\\Kucher_site\\vendor\\laravel\\framework\\src\\Illuminate\\View\\Compilers\\ComponentTagCompiler.php(413): Illuminate\\Foundation\\Application->getNamespace()
#4 C:\\Users\\Артём Пазин\\Documents\\GitHub\\Kucher_site\\vendor\\laravel\\framework\\src\\Illuminate\\View\\Compilers\\ComponentTagCompiler.php(298): Illuminate\\View\\Compilers\\ComponentTagCompiler->guessClassName()
#5 C:\\Users\\Артём Пазин\\Documents\\GitHub\\Kucher_site\\vendor\\laravel\\framework\\src\\Illuminate\\View\\Compilers\\ComponentTagCompiler.php(235): Illuminate\\View\\Compilers\\ComponentTagCompiler->componentClass()
#6 C:\\Users\\Артём Пазин\\Documents\\GitHub\\Kucher_site\\vendor\\laravel\\framework\\src\\Illuminate\\View\\Compilers\\ComponentTagCompiler.php(156): Illuminate\\View\\Compilers\\ComponentTagCompiler->componentString()
#7 [internal function]: Illuminate\\View\\Compilers\\ComponentTagCompiler->Illuminate\\View\\Compilers\\{closure}()
#8 C:\\Users\\Артём Пазин\\Documents\\GitHub\\Kucher_site\\vendor\\laravel\\framework\\src\\Illuminate\\View\\Compilers\\ComponentTagCompiler.php(151): preg_replace_callback()
#9 C:\\Users\\Артём Пазин\\Documents\\GitHub\\Kucher_site\\vendor\\laravel\\framework\\src\\Illuminate\\View\\Compilers\\ComponentTagCompiler.php(90): Illuminate\\View\\Compilers\\ComponentTagCompiler->compileOpeningTags()
#10 C:\\Users\\Артём Пазин\\Documents\\GitHub\\Kucher_site\\vendor\\laravel\\framework\\src\\Illuminate\\View\\Compilers\\ComponentTagCompiler.php(76): Illuminate\\View\\Compilers\\ComponentTagCompiler->compileTags()
#11 C:\\Users\\Артём Пазин\\Documents\\GitHub\\Kucher_site\\vendor\\laravel\\framework\\src\\Illuminate\\View\\Compilers\\BladeCompiler.php(423): Illuminate\\View\\Compilers\\ComponentTagCompiler->compile()
#12 C:\\Users\\Артём Пазин\\Documents\\GitHub\\Kucher_site\\vendor\\laravel\\framework\\src\\Illuminate\\View\\Compilers\\BladeCompiler.php(255): Illuminate\\View\\Compilers\\BladeCompiler->compileComponentTags()
#13 C:\\Users\\Артём Пазин\\Documents\\GitHub\\Kucher_site\\vendor\\laravel\\framework\\src\\Illuminate\\View\\Compilers\\BladeCompiler.php(175): Illuminate\\View\\Compilers\\BladeCompiler->compileString()
#14 C:\\Users\\Артём Пазин\\Documents\\GitHub\\Kucher_site\\vendor\\laravel\\framework\\src\\Illuminate\\Foundation\\Console\\ViewCacheCommand.php(75): Illuminate\\View\\Compilers\\BladeCompiler->compile()
#15 [internal function]: Illuminate\\Foundation\\Console\\ViewCacheCommand->Illuminate\\Foundation\\Console\\{closure}()
#16 C:\\Users\\Артём Пазин\\Documents\\GitHub\\Kucher_site\\vendor\\laravel\\framework\\src\\Illuminate\\Collections\\Arr.php(560): array_map()
#17 C:\\Users\\Артём Пазин\\Documents\\GitHub\\Kucher_site\\vendor\\laravel\\framework\\src\\Illuminate\\Collections\\Collection.php(768): Illuminate\\Support\\Arr::map()
#18 C:\\Users\\Артём Пазин\\Documents\\GitHub\\Kucher_site\\vendor\\laravel\\framework\\src\\Illuminate\\Foundation\\Console\\ViewCacheCommand.php(72): Illuminate\\Support\\Collection->map()
#19 C:\\Users\\Артём Пазин\\Documents\\GitHub\\Kucher_site\\vendor\\laravel\\framework\\src\\Illuminate\\Foundation\\Console\\ViewCacheCommand.php(54): Illuminate\\Foundation\\Console\\ViewCacheCommand->compileViews()
#20 C:\\Users\\Артём Пазин\\Documents\\GitHub\\Kucher_site\\vendor\\laravel\\framework\\src\\Illuminate\\Collections\\Traits\\EnumeratesValues.php(235): Illuminate\\Foundation\\Console\\ViewCacheCommand->Illuminate\\Foundation\\Console\\{closure}()
#21 C:\\Users\\Артём Пазин\\Documents\\GitHub\\Kucher_site\\vendor\\laravel\\framework\\src\\Illuminate\\Foundation\\Console\\ViewCacheCommand.php(49): Illuminate\\Support\\Collection->each()
#22 C:\\Users\\Артём Пазин\\Documents\\GitHub\\Kucher_site\\vendor\\laravel\\framework\\src\\Illuminate\\Container\\BoundMethod.php(36): Illuminate\\Foundation\\Console\\ViewCacheCommand->handle()
#23 C:\\Users\\Артём Пазин\\Documents\\GitHub\\Kucher_site\\vendor\\laravel\\framework\\src\\Illuminate\\Container\\Util.php(41): Illuminate\\Container\\BoundMethod::Illuminate\\Container\\{closure}()
#24 C:\\Users\\Артём Пазин\\Documents\\GitHub\\Kucher_site\\vendor\\laravel\\framework\\src\\Illuminate\\Container\\BoundMethod.php(93): Illuminate\\Container\\Util::unwrapIfClosure()
#25 C:\\Users\\Артём Пазин\\Documents\\GitHub\\Kucher_site\\vendor\\laravel\\framework\\src\\Illuminate\\Container\\BoundMethod.php(35): Illuminate\\Container\\BoundMethod::callBoundMethod()
#26 C:\\Users\\Артём Пазин\\Documents\\GitHub\\Kucher_site\\vendor\\laravel\\framework\\src\\Illuminate\\Container\\Container.php(661): Illuminate\\Container\\BoundMethod::call()
#27 C:\\Users\\Артём Пазин\\Documents\\GitHub\\Kucher_site\\vendor\\laravel\\framework\\src\\Illuminate\\Console\\Command.php(183): Illuminate\\Container\\Container->call()
#28 C:\\Users\\Артём Пазин\\Documents\\GitHub\\Kucher_site\\vendor\\symfony\\console\\Command\\Command.php(326): Illuminate\\Console\\Command->execute()
#29 C:\\Users\\Артём Пазин\\Documents\\GitHub\\Kucher_site\\vendor\\laravel\\framework\\src\\Illuminate\\Console\\Command.php(152): Symfony\\Component\\Console\\Command\\Command->run()
#30 C:\\Users\\Артём Пазин\\Documents\\GitHub\\Kucher_site\\vendor\\symfony\\console\\Application.php(1078): Illuminate\\Console\\Command->run()
#31 C:\\Users\\Артём Пазин\\Documents\\GitHub\\Kucher_site\\vendor\\symfony\\console\\Application.php(324): Symfony\\Component\\Console\\Application->doRunCommand()
#32 C:\\Users\\Артём Пазин\\Documents\\GitHub\\Kucher_site\\vendor\\symfony\\console\\Application.php(175): Symfony\\Component\\Console\\Application->doRun()
#33 C:\\Users\\Артём Пазин\\Documents\\GitHub\\Kucher_site\\vendor\\laravel\\framework\\src\\Illuminate\\Console\\Application.php(102): Symfony\\Component\\Console\\Application->run()
#34 C:\\Users\\Артём Пазин\\Documents\\GitHub\\Kucher_site\\vendor\\laravel\\framework\\src\\Illuminate\\Foundation\\Console\\Kernel.php(155): Illuminate\\Console\\Application->run()
#35 C:\\Users\\Артём Пазин\\Documents\\GitHub\\Kucher_site\\artisan(35): Illuminate\\Foundation\\Console\\Kernel->handle()
#36 {main}
"} 
