[2024-11-14 08:22:42] local.ERROR: Target class [files] does not exist. {"exception":"[object] (Illuminate\\Contracts\\Container\\BindingResolutionException(code: 0): Target class [files] does not exist. at C:\\Users\\Артём Пазин\\Documents\\GitHub\\Kucher_site\\src\\vendor\\laravel\\framework\\src\\Illuminate\\Container\\Container.php:891)
[stacktrace]
#0 C:\\Users\\Артём Пазин\\Documents\\GitHub\\Kucher_site\\src\\vendor\\laravel\\framework\\src\\Illuminate\\Container\\Container.php(770): Illuminate\\Container\\Container->build()
#1 C:\\Users\\Артём Пазин\\Documents\\GitHub\\Kucher_site\\src\\vendor\\laravel\\framework\\src\\Illuminate\\Foundation\\Application.php(858): Illuminate\\Container\\Container->resolve()
#2 C:\\Users\\Артём Пазин\\Documents\\GitHub\\Kucher_site\\src\\vendor\\laravel\\framework\\src\\Illuminate\\Container\\Container.php(706): Illuminate\\Foundation\\Application->resolve()
#3 C:\\Users\\Артём Пазин\\Documents\\GitHub\\Kucher_site\\src\\vendor\\laravel\\framework\\src\\Illuminate\\Foundation\\Application.php(843): Illuminate\\Container\\Container->make()
#4 C:\\Users\\Артём Пазин\\Documents\\GitHub\\Kucher_site\\src\\vendor\\laravel\\framework\\src\\Illuminate\\Container\\Container.php(1431): Illuminate\\Foundation\\Application->make()
#5 C:\\Users\\Артём Пазин\\Documents\\GitHub\\Kucher_site\\src\\vendor\\laravel\\framework\\src\\Illuminate\\Foundation\\Application.php(1048): Illuminate\\Container\\Container->offsetGet()
#6 C:\\Users\\Артём Пазин\\Documents\\GitHub\\Kucher_site\\src\\vendor\\laravel\\sanctum\\src\\SanctumServiceProvider.php(82): Illuminate\\Foundation\\Application->routesAreCached()
#7 C:\\Users\\Артём Пазин\\Documents\\GitHub\\Kucher_site\\src\\vendor\\laravel\\sanctum\\src\\SanctumServiceProvider.php(58): Laravel\\Sanctum\\SanctumServiceProvider->defineRoutes()
#8 C:\\Users\\Артём Пазин\\Documents\\GitHub\\Kucher_site\\src\\vendor\\laravel\\framework\\src\\Illuminate\\Container\\BoundMethod.php(36): Laravel\\Sanctum\\SanctumServiceProvider->boot()
#9 C:\\Users\\Артём Пазин\\Documents\\GitHub\\Kucher_site\\src\\vendor\\laravel\\framework\\src\\Illuminate\\Container\\Util.php(41): Illuminate\\Container\\BoundMethod::Illuminate\\Container\\{closure}()
#10 C:\\Users\\Артём Пазин\\Documents\\GitHub\\Kucher_site\\src\\vendor\\laravel\\framework\\src\\Illuminate\\Container\\BoundMethod.php(93): Illuminate\\Container\\Util::unwrapIfClosure()
#11 C:\\Users\\Артём Пазин\\Documents\\GitHub\\Kucher_site\\src\\vendor\\laravel\\framework\\src\\Illuminate\\Container\\BoundMethod.php(35): Illuminate\\Container\\BoundMethod::callBoundMethod()
#12 C:\\Users\\Артём Пазин\\Documents\\GitHub\\Kucher_site\\src\\vendor\\laravel\\framework\\src\\Illuminate\\Container\\Container.php(661): Illuminate\\Container\\BoundMethod::call()
#13 C:\\Users\\Артём Пазин\\Documents\\GitHub\\Kucher_site\\src\\vendor\\laravel\\framework\\src\\Illuminate\\Foundation\\Application.php(931): Illuminate\\Container\\Container->call()
#14 C:\\Users\\Артём Пазин\\Documents\\GitHub\\Kucher_site\\src\\vendor\\laravel\\framework\\src\\Illuminate\\Foundation\\Application.php(912): Illuminate\\Foundation\\Application->bootProvider()
#15 [internal function]: Illuminate\\Foundation\\Application->Illuminate\\Foundation\\{closure}()
#16 C:\\Users\\Артём Пазин\\Documents\\GitHub\\Kucher_site\\src\\vendor\\laravel\\framework\\src\\Illuminate\\Foundation\\Application.php(911): array_walk()
#17 C:\\Users\\Артём Пазин\\Documents\\GitHub\\Kucher_site\\src\\vendor\\laravel\\framework\\src\\Illuminate\\Foundation\\Bootstrap\\BootProviders.php(17): Illuminate\\Foundation\\Application->boot()
#18 C:\\Users\\Артём Пазин\\Documents\\GitHub\\Kucher_site\\src\\vendor\\laravel\\framework\\src\\Illuminate\\Foundation\\Application.php(242): Illuminate\\Foundation\\Bootstrap\\BootProviders->bootstrap()
#19 C:\\Users\\Артём Пазин\\Documents\\GitHub\\Kucher_site\\src\\vendor\\laravel\\framework\\src\\Illuminate\\Foundation\\Console\\Kernel.php(383): Illuminate\\Foundation\\Application->bootstrapWith()
#20 C:\\Users\\Артём Пазин\\Documents\\GitHub\\Kucher_site\\src\\vendor\\laravel\\framework\\src\\Illuminate\\Foundation\\Console\\Kernel.php(153): Illuminate\\Foundation\\Console\\Kernel->bootstrap()
#21 C:\\Users\\Артём Пазин\\Documents\\GitHub\\Kucher_site\\src\\artisan(35): Illuminate\\Foundation\\Console\\Kernel->handle()
#22 {main}

[previous exception] [object] (ReflectionException(code: -1): Class \"files\" does not exist at C:\\Users\\Артём Пазин\\Documents\\GitHub\\Kucher_site\\src\\vendor\\laravel\\framework\\src\\Illuminate\\Container\\Container.php:889)
[stacktrace]
#0 C:\\Users\\Артём Пазин\\Documents\\GitHub\\Kucher_site\\src\\vendor\\laravel\\framework\\src\\Illuminate\\Container\\Container.php(889): ReflectionClass->__construct()
#1 C:\\Users\\Артём Пазин\\Documents\\GitHub\\Kucher_site\\src\\vendor\\laravel\\framework\\src\\Illuminate\\Container\\Container.php(770): Illuminate\\Container\\Container->build()
#2 C:\\Users\\Артём Пазин\\Documents\\GitHub\\Kucher_site\\src\\vendor\\laravel\\framework\\src\\Illuminate\\Foundation\\Application.php(858): Illuminate\\Container\\Container->resolve()
#3 C:\\Users\\Артём Пазин\\Documents\\GitHub\\Kucher_site\\src\\vendor\\laravel\\framework\\src\\Illuminate\\Container\\Container.php(706): Illuminate\\Foundation\\Application->resolve()
#4 C:\\Users\\Артём Пазин\\Documents\\GitHub\\Kucher_site\\src\\vendor\\laravel\\framework\\src\\Illuminate\\Foundation\\Application.php(843): Illuminate\\Container\\Container->make()
#5 C:\\Users\\Артём Пазин\\Documents\\GitHub\\Kucher_site\\src\\vendor\\laravel\\framework\\src\\Illuminate\\Container\\Container.php(1431): Illuminate\\Foundation\\Application->make()
#6 C:\\Users\\Артём Пазин\\Documents\\GitHub\\Kucher_site\\src\\vendor\\laravel\\framework\\src\\Illuminate\\Foundation\\Application.php(1048): Illuminate\\Container\\Container->offsetGet()
#7 C:\\Users\\Артём Пазин\\Documents\\GitHub\\Kucher_site\\src\\vendor\\laravel\\sanctum\\src\\SanctumServiceProvider.php(82): Illuminate\\Foundation\\Application->routesAreCached()
#8 C:\\Users\\Артём Пазин\\Documents\\GitHub\\Kucher_site\\src\\vendor\\laravel\\sanctum\\src\\SanctumServiceProvider.php(58): Laravel\\Sanctum\\SanctumServiceProvider->defineRoutes()
#9 C:\\Users\\Артём Пазин\\Documents\\GitHub\\Kucher_site\\src\\vendor\\laravel\\framework\\src\\Illuminate\\Container\\BoundMethod.php(36): Laravel\\Sanctum\\SanctumServiceProvider->boot()
#10 C:\\Users\\Артём Пазин\\Documents\\GitHub\\Kucher_site\\src\\vendor\\laravel\\framework\\src\\Illuminate\\Container\\Util.php(41): Illuminate\\Container\\BoundMethod::Illuminate\\Container\\{closure}()
#11 C:\\Users\\Артём Пазин\\Documents\\GitHub\\Kucher_site\\src\\vendor\\laravel\\framework\\src\\Illuminate\\Container\\BoundMethod.php(93): Illuminate\\Container\\Util::unwrapIfClosure()
#12 C:\\Users\\Артём Пазин\\Documents\\GitHub\\Kucher_site\\src\\vendor\\laravel\\framework\\src\\Illuminate\\Container\\BoundMethod.php(35): Illuminate\\Container\\BoundMethod::callBoundMethod()
#13 C:\\Users\\Артём Пазин\\Documents\\GitHub\\Kucher_site\\src\\vendor\\laravel\\framework\\src\\Illuminate\\Container\\Container.php(661): Illuminate\\Container\\BoundMethod::call()
#14 C:\\Users\\Артём Пазин\\Documents\\GitHub\\Kucher_site\\src\\vendor\\laravel\\framework\\src\\Illuminate\\Foundation\\Application.php(931): Illuminate\\Container\\Container->call()
#15 C:\\Users\\Артём Пазин\\Documents\\GitHub\\Kucher_site\\src\\vendor\\laravel\\framework\\src\\Illuminate\\Foundation\\Application.php(912): Illuminate\\Foundation\\Application->bootProvider()
#16 [internal function]: Illuminate\\Foundation\\Application->Illuminate\\Foundation\\{closure}()
#17 C:\\Users\\Артём Пазин\\Documents\\GitHub\\Kucher_site\\src\\vendor\\laravel\\framework\\src\\Illuminate\\Foundation\\Application.php(911): array_walk()
#18 C:\\Users\\Артём Пазин\\Documents\\GitHub\\Kucher_site\\src\\vendor\\laravel\\framework\\src\\Illuminate\\Foundation\\Bootstrap\\BootProviders.php(17): Illuminate\\Foundation\\Application->boot()
#19 C:\\Users\\Артём Пазин\\Documents\\GitHub\\Kucher_site\\src\\vendor\\laravel\\framework\\src\\Illuminate\\Foundation\\Application.php(242): Illuminate\\Foundation\\Bootstrap\\BootProviders->bootstrap()
#20 C:\\Users\\Артём Пазин\\Documents\\GitHub\\Kucher_site\\src\\vendor\\laravel\\framework\\src\\Illuminate\\Foundation\\Console\\Kernel.php(383): Illuminate\\Foundation\\Application->bootstrapWith()
#21 C:\\Users\\Артём Пазин\\Documents\\GitHub\\Kucher_site\\src\\vendor\\laravel\\framework\\src\\Illuminate\\Foundation\\Console\\Kernel.php(153): Illuminate\\Foundation\\Console\\Kernel->bootstrap()
#22 C:\\Users\\Артём Пазин\\Documents\\GitHub\\Kucher_site\\src\\artisan(35): Illuminate\\Foundation\\Console\\Kernel->handle()
#23 {main}
"} 
[2024-11-14 08:23:00] local.ERROR: Target class [files] does not exist. {"exception":"[object] (Illuminate\\Contracts\\Container\\BindingResolutionException(code: 0): Target class [files] does not exist. at C:\\Users\\Артём Пазин\\Documents\\GitHub\\Kucher_site\\src\\vendor\\laravel\\framework\\src\\Illuminate\\Container\\Container.php:891)
[stacktrace]
#0 C:\\Users\\Артём Пазин\\Documents\\GitHub\\Kucher_site\\src\\vendor\\laravel\\framework\\src\\Illuminate\\Container\\Container.php(770): Illuminate\\Container\\Container->build()
#1 C:\\Users\\Артём Пазин\\Documents\\GitHub\\Kucher_site\\src\\vendor\\laravel\\framework\\src\\Illuminate\\Foundation\\Application.php(858): Illuminate\\Container\\Container->resolve()
#2 C:\\Users\\Артём Пазин\\Documents\\GitHub\\Kucher_site\\src\\vendor\\laravel\\framework\\src\\Illuminate\\Container\\Container.php(706): Illuminate\\Foundation\\Application->resolve()
#3 C:\\Users\\Артём Пазин\\Documents\\GitHub\\Kucher_site\\src\\vendor\\laravel\\framework\\src\\Illuminate\\Foundation\\Application.php(843): Illuminate\\Container\\Container->make()
#4 C:\\Users\\Артём Пазин\\Documents\\GitHub\\Kucher_site\\src\\vendor\\laravel\\framework\\src\\Illuminate\\Container\\Container.php(1431): Illuminate\\Foundation\\Application->make()
#5 C:\\Users\\Артём Пазин\\Documents\\GitHub\\Kucher_site\\src\\vendor\\laravel\\framework\\src\\Illuminate\\Foundation\\Application.php(1048): Illuminate\\Container\\Container->offsetGet()
#6 C:\\Users\\Артём Пазин\\Documents\\GitHub\\Kucher_site\\src\\vendor\\laravel\\sanctum\\src\\SanctumServiceProvider.php(82): Illuminate\\Foundation\\Application->routesAreCached()
#7 C:\\Users\\Артём Пазин\\Documents\\GitHub\\Kucher_site\\src\\vendor\\laravel\\sanctum\\src\\SanctumServiceProvider.php(58): Laravel\\Sanctum\\SanctumServiceProvider->defineRoutes()
#8 C:\\Users\\Артём Пазин\\Documents\\GitHub\\Kucher_site\\src\\vendor\\laravel\\framework\\src\\Illuminate\\Container\\BoundMethod.php(36): Laravel\\Sanctum\\SanctumServiceProvider->boot()
#9 C:\\Users\\Артём Пазин\\Documents\\GitHub\\Kucher_site\\src\\vendor\\laravel\\framework\\src\\Illuminate\\Container\\Util.php(41): Illuminate\\Container\\BoundMethod::Illuminate\\Container\\{closure}()
#10 C:\\Users\\Артём Пазин\\Documents\\GitHub\\Kucher_site\\src\\vendor\\laravel\\framework\\src\\Illuminate\\Container\\BoundMethod.php(93): Illuminate\\Container\\Util::unwrapIfClosure()
#11 C:\\Users\\Артём Пазин\\Documents\\GitHub\\Kucher_site\\src\\vendor\\laravel\\framework\\src\\Illuminate\\Container\\BoundMethod.php(35): Illuminate\\Container\\BoundMethod::callBoundMethod()
#12 C:\\Users\\Артём Пазин\\Documents\\GitHub\\Kucher_site\\src\\vendor\\laravel\\framework\\src\\Illuminate\\Container\\Container.php(661): Illuminate\\Container\\BoundMethod::call()
#13 C:\\Users\\Артём Пазин\\Documents\\GitHub\\Kucher_site\\src\\vendor\\laravel\\framework\\src\\Illuminate\\Foundation\\Application.php(931): Illuminate\\Container\\Container->call()
#14 C:\\Users\\Артём Пазин\\Documents\\GitHub\\Kucher_site\\src\\vendor\\laravel\\framework\\src\\Illuminate\\Foundation\\Application.php(912): Illuminate\\Foundation\\Application->bootProvider()
#15 [internal function]: Illuminate\\Foundation\\Application->Illuminate\\Foundation\\{closure}()
#16 C:\\Users\\Артём Пазин\\Documents\\GitHub\\Kucher_site\\src\\vendor\\laravel\\framework\\src\\Illuminate\\Foundation\\Application.php(911): array_walk()
#17 C:\\Users\\Артём Пазин\\Documents\\GitHub\\Kucher_site\\src\\vendor\\laravel\\framework\\src\\Illuminate\\Foundation\\Bootstrap\\BootProviders.php(17): Illuminate\\Foundation\\Application->boot()
#18 C:\\Users\\Артём Пазин\\Documents\\GitHub\\Kucher_site\\src\\vendor\\laravel\\framework\\src\\Illuminate\\Foundation\\Application.php(242): Illuminate\\Foundation\\Bootstrap\\BootProviders->bootstrap()
#19 C:\\Users\\Артём Пазин\\Documents\\GitHub\\Kucher_site\\src\\vendor\\laravel\\framework\\src\\Illuminate\\Foundation\\Console\\Kernel.php(383): Illuminate\\Foundation\\Application->bootstrapWith()
#20 C:\\Users\\Артём Пазин\\Documents\\GitHub\\Kucher_site\\src\\vendor\\laravel\\framework\\src\\Illuminate\\Foundation\\Console\\Kernel.php(153): Illuminate\\Foundation\\Console\\Kernel->bootstrap()
#21 C:\\Users\\Артём Пазин\\Documents\\GitHub\\Kucher_site\\src\\artisan(35): Illuminate\\Foundation\\Console\\Kernel->handle()
#22 {main}

[previous exception] [object] (ReflectionException(code: -1): Class \"files\" does not exist at C:\\Users\\Артём Пазин\\Documents\\GitHub\\Kucher_site\\src\\vendor\\laravel\\framework\\src\\Illuminate\\Container\\Container.php:889)
[stacktrace]
#0 C:\\Users\\Артём Пазин\\Documents\\GitHub\\Kucher_site\\src\\vendor\\laravel\\framework\\src\\Illuminate\\Container\\Container.php(889): ReflectionClass->__construct()
#1 C:\\Users\\Артём Пазин\\Documents\\GitHub\\Kucher_site\\src\\vendor\\laravel\\framework\\src\\Illuminate\\Container\\Container.php(770): Illuminate\\Container\\Container->build()
#2 C:\\Users\\Артём Пазин\\Documents\\GitHub\\Kucher_site\\src\\vendor\\laravel\\framework\\src\\Illuminate\\Foundation\\Application.php(858): Illuminate\\Container\\Container->resolve()
#3 C:\\Users\\Артём Пазин\\Documents\\GitHub\\Kucher_site\\src\\vendor\\laravel\\framework\\src\\Illuminate\\Container\\Container.php(706): Illuminate\\Foundation\\Application->resolve()
#4 C:\\Users\\Артём Пазин\\Documents\\GitHub\\Kucher_site\\src\\vendor\\laravel\\framework\\src\\Illuminate\\Foundation\\Application.php(843): Illuminate\\Container\\Container->make()
#5 C:\\Users\\Артём Пазин\\Documents\\GitHub\\Kucher_site\\src\\vendor\\laravel\\framework\\src\\Illuminate\\Container\\Container.php(1431): Illuminate\\Foundation\\Application->make()
#6 C:\\Users\\Артём Пазин\\Documents\\GitHub\\Kucher_site\\src\\vendor\\laravel\\framework\\src\\Illuminate\\Foundation\\Application.php(1048): Illuminate\\Container\\Container->offsetGet()
#7 C:\\Users\\Артём Пазин\\Documents\\GitHub\\Kucher_site\\src\\vendor\\laravel\\sanctum\\src\\SanctumServiceProvider.php(82): Illuminate\\Foundation\\Application->routesAreCached()
#8 C:\\Users\\Артём Пазин\\Documents\\GitHub\\Kucher_site\\src\\vendor\\laravel\\sanctum\\src\\SanctumServiceProvider.php(58): Laravel\\Sanctum\\SanctumServiceProvider->defineRoutes()
#9 C:\\Users\\Артём Пазин\\Documents\\GitHub\\Kucher_site\\src\\vendor\\laravel\\framework\\src\\Illuminate\\Container\\BoundMethod.php(36): Laravel\\Sanctum\\SanctumServiceProvider->boot()
#10 C:\\Users\\Артём Пазин\\Documents\\GitHub\\Kucher_site\\src\\vendor\\laravel\\framework\\src\\Illuminate\\Container\\Util.php(41): Illuminate\\Container\\BoundMethod::Illuminate\\Container\\{closure}()
#11 C:\\Users\\Артём Пазин\\Documents\\GitHub\\Kucher_site\\src\\vendor\\laravel\\framework\\src\\Illuminate\\Container\\BoundMethod.php(93): Illuminate\\Container\\Util::unwrapIfClosure()
#12 C:\\Users\\Артём Пазин\\Documents\\GitHub\\Kucher_site\\src\\vendor\\laravel\\framework\\src\\Illuminate\\Container\\BoundMethod.php(35): Illuminate\\Container\\BoundMethod::callBoundMethod()
#13 C:\\Users\\Артём Пазин\\Documents\\GitHub\\Kucher_site\\src\\vendor\\laravel\\framework\\src\\Illuminate\\Container\\Container.php(661): Illuminate\\Container\\BoundMethod::call()
#14 C:\\Users\\Артём Пазин\\Documents\\GitHub\\Kucher_site\\src\\vendor\\laravel\\framework\\src\\Illuminate\\Foundation\\Application.php(931): Illuminate\\Container\\Container->call()
#15 C:\\Users\\Артём Пазин\\Documents\\GitHub\\Kucher_site\\src\\vendor\\laravel\\framework\\src\\Illuminate\\Foundation\\Application.php(912): Illuminate\\Foundation\\Application->bootProvider()
#16 [internal function]: Illuminate\\Foundation\\Application->Illuminate\\Foundation\\{closure}()
#17 C:\\Users\\Артём Пазин\\Documents\\GitHub\\Kucher_site\\src\\vendor\\laravel\\framework\\src\\Illuminate\\Foundation\\Application.php(911): array_walk()
#18 C:\\Users\\Артём Пазин\\Documents\\GitHub\\Kucher_site\\src\\vendor\\laravel\\framework\\src\\Illuminate\\Foundation\\Bootstrap\\BootProviders.php(17): Illuminate\\Foundation\\Application->boot()
#19 C:\\Users\\Артём Пазин\\Documents\\GitHub\\Kucher_site\\src\\vendor\\laravel\\framework\\src\\Illuminate\\Foundation\\Application.php(242): Illuminate\\Foundation\\Bootstrap\\BootProviders->bootstrap()
#20 C:\\Users\\Артём Пазин\\Documents\\GitHub\\Kucher_site\\src\\vendor\\laravel\\framework\\src\\Illuminate\\Foundation\\Console\\Kernel.php(383): Illuminate\\Foundation\\Application->bootstrapWith()
#21 C:\\Users\\Артём Пазин\\Documents\\GitHub\\Kucher_site\\src\\vendor\\laravel\\framework\\src\\Illuminate\\Foundation\\Console\\Kernel.php(153): Illuminate\\Foundation\\Console\\Kernel->bootstrap()
#22 C:\\Users\\Артём Пазин\\Documents\\GitHub\\Kucher_site\\src\\artisan(35): Illuminate\\Foundation\\Console\\Kernel->handle()
#23 {main}
"} 
